TimeStamp;Level;Message
2026-02-22 09:19:35,INFO,Collecte des profils (global settings par profil)
2026-02-22 09:19:35,INFO,Collecte des profils (global settings par profil)
2026-02-22 09:19:35,INFO,Création d'une fonction pour enrichir une règle avec ses filtres
2026-02-22 09:19:35,INFO,Exécution de la fonction pour chaque règle collectée
2026-02-22 09:19:35,INFO,Enrichissement des règles avec leurs filtres associés
2026-02-22 09:19:35,INFO,traitement de la règle: NETDIS-UPnPHost-Out-TCP
2026-02-22 09:19:36,INFO,traitement de la règle: WFDPRINT-SPOOL-Out-Active
2026-02-22 09:19:36,INFO,traitement de la règle: RemoteAssistance-Out-TCP
2026-02-22 09:19:36,INFO,traitement de la règle: NETDIS-SSDPSrv-Out-UDP-Active
2026-02-22 09:19:36,INFO,traitement de la règle: NETDIS-WSDEVNT-Out-TCP-Active
2026-02-22 09:19:37,INFO,traitement de la règle: RemoteEventLogSvc-NP-In-TCP-NoScope
2026-02-22 09:19:37,INFO,traitement de la règle: RemoteTask-In-TCP-NoScope
2026-02-22 09:19:37,INFO,traitement de la règle: WFDPRINT-SPOOL-In-Active
2026-02-22 09:19:38,INFO,traitement de la règle: RemoteAssistance-Out-TCP-Active
2026-02-22 09:19:38,INFO,traitement de la règle: MSDTC-Out-TCP
2026-02-22 09:19:38,INFO,traitement de la règle: RRAS-L2TP-Out-UDP
2026-02-22 09:19:39,INFO,traitement de la règle: CoreNet-ICMP6-PTB-Out
2026-02-22 09:19:39,INFO,traitement de la règle: CDPSvc-Out-UDP
2026-02-22 09:19:39,INFO,traitement de la règle: PNRPMNRS-PNRP-In-UDP
2026-02-22 09:19:39,INFO,traitement de la règle: NETDIS-NB_Name-Out-UDP
2026-02-22 09:19:40,INFO,traitement de la règle: NETDIS-NB_Datagram-Out-UDP
2026-02-22 09:19:40,INFO,traitement de la règle: Collab-P2PHost-WSD-In-UDP
2026-02-22 09:19:40,INFO,traitement de la règle: RemoteEventLogSvc-In-TCP
2026-02-22 09:19:41,INFO,traitement de la règle: CoreNet-IPv6-In
2026-02-22 09:19:41,INFO,traitement de la règle: CDPSvc-WFD-Out-TCP
2026-02-22 09:19:41,INFO,traitement de la règle: NETDIS-LLMNR-In-UDP
2026-02-22 09:19:42,INFO,traitement de la règle: RemoteEventLogSvc-NP-In-TCP
2026-02-22 09:19:42,INFO,traitement de la règle: SNMPTRAP-In-UDP
2026-02-22 09:19:42,INFO,traitement de la règle: MDNS-Out-UDP-Domain-Active
2026-02-22 09:19:42,INFO,traitement de la règle: DeliveryOptimization-UDP-In
2026-02-22 09:19:43,INFO,traitement de la règle: CoreNet-ICMP6-PP-Out
2026-02-22 09:19:43,INFO,traitement de la règle: CoreNet-ICMP6-RA-In
2026-02-22 09:19:43,INFO,traitement de la règle: CoreNet-ICMP4-DUFRAG-In
2026-02-22 09:19:44,INFO,traitement de la règle: CoreNet-DHCP-In
2026-02-22 09:19:44,INFO,traitement de la règle: NETDIS-DAS-In-UDP-Active
2026-02-22 09:19:44,INFO,traitement de la règle: RRAS-GRE-In
2026-02-22 09:19:44,INFO,traitement de la règle: TPMVSCMGR-RPCSS-In-TCP-NoScope
2026-02-22 09:19:45,INFO,traitement de la règle: CoreNet-DHCPV6-In
2026-02-22 09:19:45,INFO,traitement de la règle: MSDTC-KTMRM-In-TCP
2026-02-22 09:19:45,INFO,traitement de la règle: NETDIS-SSDPSrv-In-UDP-Teredo
2026-02-22 09:19:46,INFO,traitement de la règle: MsiScsi-Out-TCP
2026-02-22 09:19:46,INFO,traitement de la règle: NETDIS-UPnP-Out-TCP
2026-02-22 09:19:46,INFO,traitement de la règle: CDPSvc-Out-TCP
2026-02-22 09:19:47,INFO,traitement de la règle: MSDTC-RPCSS-In-TCP-NoScope
2026-02-22 09:19:47,INFO,traitement de la règle: WFDPRINT-SCAN-In-Active
2026-02-22 09:19:47,INFO,traitement de la règle: RemoteAssistance-PnrpSvc-UDP-OUT
2026-02-22 09:19:47,INFO,traitement de la règle: NETDIS-FDPHOST-In-UDP-Active
2026-02-22 09:19:48,INFO,traitement de la règle: CoreNet-ICMP6-RS-Out
2026-02-22 09:19:48,INFO,traitement de la règle: RemoteAssistance-SSDPSrv-Out-UDP-Active
2026-02-22 09:19:48,INFO,traitement de la règle: RemoteAssistance-SSDPSrv-Out-TCP-Active
2026-02-22 09:19:48,INFO,traitement de la règle: NETDIS-WSDEVNT-In-TCP-Active
2026-02-22 09:19:49,INFO,traitement de la règle: CoreNet-ICMP6-NDS-In
2026-02-22 09:19:49,INFO,traitement de la règle: EventForwarder-RPCSS-In-TCP
2026-02-22 09:19:49,INFO,traitement de la règle: RemoteAssistance-DCOM-In-TCP-NoScope-Active
2026-02-22 09:19:50,INFO,traitement de la règle: NETDIS-UPnPHost-Out-TCP-Active
2026-02-22 09:19:50,INFO,traitement de la règle: NETDIS-WSDEVNTS-In-TCP-Active
2026-02-22 09:19:50,INFO,traitement de la règle: RVM-RPCSS-In-TCP
2026-02-22 09:19:51,INFO,traitement de la règle: RemoteAssistance-RAServer-In-TCP-NoScope-Active
2026-02-22 09:19:51,INFO,traitement de la règle: NETDIS-UPnPHost-In-TCP-Active
2026-02-22 09:19:51,INFO,traitement de la règle: RemoteEventLogSvc-RPCSS-In-TCP-NoScope
2026-02-22 09:19:51,INFO,traitement de la règle: CoreNet-ICMP6-LR2-Out
2026-02-22 09:19:52,INFO,traitement de la règle: CoreNet-Diag-ICMP6-EchoRequest-Out
2026-02-22 09:19:52,INFO,traitement de la règle: EventForwarder-In-TCP
2026-02-22 09:19:52,INFO,traitement de la règle: NVS-FrameServer-In-UDP-NoScope
2026-02-22 09:19:53,INFO,traitement de la règle: Microsoft-Windows-Enrollment-WinRT-TCP-Out
2026-02-22 09:19:53,INFO,traitement de la règle: SNMPTRAP-In-UDP-NoScope
2026-02-22 09:19:53,INFO,traitement de la règle: WMI-ASYNC-In-TCP
2026-02-22 09:19:53,INFO,traitement de la règle: CoreNet-Diag-ICMP4-EchoRequest-Out-NoScope
2026-02-22 09:19:54,INFO,traitement de la règle: MDNS-Out-UDP-Public-Active
2026-02-22 09:19:54,INFO,traitement de la règle: WMI-WINMGMT-In-TCP
2026-02-22 09:19:54,INFO,traitement de la règle: RemoteFwAdmin-RPCSS-In-TCP
2026-02-22 09:19:54,INFO,traitement de la règle: PerfLogsAlerts-PLASrv-In-TCP
2026-02-22 09:19:55,INFO,traitement de la règle: WINRM-HTTP-In-TCP
2026-02-22 09:19:55,INFO,traitement de la règle: DeliveryOptimization-TCP-In
2026-02-22 09:19:55,INFO,traitement de la règle: MSDTC-Out-TCP-NoScope
2026-02-22 09:19:56,INFO,traitement de la règle: NETDIS-NB_Name-In-UDP
2026-02-22 09:19:56,INFO,traitement de la règle: vm-monitoring-rpc
2026-02-22 09:19:56,INFO,traitement de la règle: CoreNet-ICMP6-LD-Out
2026-02-22 09:19:57,INFO,traitement de la règle: Microsoft-Windows-DeviceManagement-CertificateInstall-TCP-Out
2026-02-22 09:19:57,INFO,traitement de la règle: MsiScsi-In-TCP
2026-02-22 09:19:57,INFO,traitement de la règle: RemoteAssistance-PnrpSvc-UDP-In-EdgeScope
2026-02-22 09:19:57,INFO,traitement de la règle: RRAS-PPTP-In-TCP
2026-02-22 09:19:58,INFO,traitement de la règle: CoreNet-Teredo-Out
2026-02-22 09:19:58,INFO,traitement de la règle: RVM-VDS-In-TCP
2026-02-22 09:19:58,INFO,traitement de la règle: TPMVSCMGR-Server-In-TCP-NoScope
2026-02-22 09:19:59,INFO,traitement de la règle: WMI-WINMGMT-Out-TCP
2026-02-22 09:19:59,INFO,traitement de la règle: NETDIS-NB_Datagram-In-UDP-NoScope
2026-02-22 09:19:59,INFO,traitement de la règle: vm-monitoring-dcom
2026-02-22 09:19:59,INFO,traitement de la règle: CoreNet-ICMP6-RS-In
2026-02-22 09:20:00,INFO,traitement de la règle: WMI-RPCSS-In-TCP
2026-02-22 09:20:00,INFO,traitement de la règle: WirelessDisplay-Infra-In-TCP
2026-02-22 09:20:00,INFO,traitement de la règle: PNRPMNRS-SSDPSrv-Out-UDP
2026-02-22 09:20:01,INFO,traitement de la règle: NETDIS-FDRESPUB-WSD-In-UDP-Active
2026-02-22 09:20:01,INFO,traitement de la règle: NETDIS-WSDEVNTS-Out-TCP
2026-02-22 09:20:01,INFO,traitement de la règle: CoreNet-GP-LSASS-Out-TCP
2026-02-22 09:20:01,INFO,traitement de la règle: Microsoft-Windows-Troubleshooting-HTTP-HTTPS-Out
2026-02-22 09:20:02,INFO,traitement de la règle: RemoteTask-RPCSS-In-TCP-NoScope
2026-02-22 09:20:02,INFO,traitement de la règle: RemoteAssistance-PnrpSvc-UDP-In-EdgeScope-Active
2026-02-22 09:20:02,INFO,traitement de la règle: NETDIS-UPnPHost-Out-TCP-NoScope
2026-02-22 09:20:02,INFO,traitement de la règle: Collab-PNRP-In-UDP
2026-02-22 09:20:03,INFO,traitement de la règle: DIAL-Protocol-Server-In-TCP-NoScope
2026-02-22 09:20:03,INFO,traitement de la règle: NETDIS-WSDEVNT-In-TCP-NoScope
2026-02-22 09:20:03,INFO,traitement de la règle: RemoteSvcAdmin-RPCSS-In-TCP-NoScope
2026-02-22 09:20:04,INFO,traitement de la règle: WMI-ASYNC-In-TCP-NoScope
2026-02-22 09:20:04,INFO,traitement de la règle: NETDIS-WSDEVNT-Out-TCP-NoScope
2026-02-22 09:20:04,INFO,traitement de la règle: NETDIS-FDRESPUB-WSD-Out-UDP-Active
2026-02-22 09:20:04,INFO,traitement de la règle: NETDIS-LLMNR-Out-UDP
2026-02-22 09:20:05,INFO,traitement de la règle: vm-monitoring-nb-session
2026-02-22 09:20:05,INFO,traitement de la règle: RemoteFwAdmin-In-TCP-NoScope
2026-02-22 09:20:05,INFO,traitement de la règle: WirelessDisplay-Out-TCP
2026-02-22 09:20:06,INFO,traitement de la règle: WirelessDisplay-Out-UDP
2026-02-22 09:20:06,INFO,traitement de la règle: RemoteAssistance-RAServer-Out-TCP-NoScope-Active
2026-02-22 09:20:06,INFO,traitement de la règle: CoreNet-ICMP6-RA-Out
2026-02-22 09:20:06,INFO,traitement de la règle: Collab-P2PHost-Out-TCP
2026-02-22 09:20:07,INFO,traitement de la règle: NETDIS-WSDEVNTS-In-TCP-NoScope
2026-02-22 09:20:07,INFO,traitement de la règle: CoreNet-ICMP6-NDA-In
2026-02-22 09:20:07,INFO,traitement de la règle: CoreNet-IPHTTPS-Out
2026-02-22 09:20:08,INFO,traitement de la règle: NVS-FrameServer-In-TCP-NoScope
2026-02-22 09:20:08,INFO,traitement de la règle: NETDIS-SSDPSrv-In-UDP
2026-02-22 09:20:08,INFO,traitement de la règle: RemoteSvcAdmin-In-TCP
2026-02-22 09:20:09,INFO,traitement de la règle: RemoteSvcAdmin-RPCSS-In-TCP
2026-02-22 09:20:09,INFO,traitement de la règle: CoreNet-IGMP-Out
2026-02-22 09:20:09,INFO,traitement de la règle: WINRM-HTTP-Compat-In-TCP
2026-02-22 09:20:09,INFO,traitement de la règle: NETDIS-DAS-In-UDP
2026-02-22 09:20:10,INFO,traitement de la règle: Collab-P2PHost-WSD-Out-UDP
2026-02-22 09:20:10,INFO,traitement de la règle: MsiScsi-In-TCP-NoScope
2026-02-22 09:20:10,INFO,traitement de la règle: NETDIS-NB_Name-In-UDP-Active
2026-02-22 09:20:11,INFO,traitement de la règle: CoreNet-ICMP6-PP-In
2026-02-22 09:20:11,INFO,traitement de la règle: CoreNet-DNS-Out-UDP
2026-02-22 09:20:11,INFO,traitement de la règle: NETDIS-NB_Datagram-Out-UDP-Active
2026-02-22 09:20:11,INFO,traitement de la règle: NETDIS-NB_Datagram-In-UDP
2026-02-22 09:20:12,INFO,traitement de la règle: RemoteSvcAdmin-NP-In-TCP-NoScope
2026-02-22 09:20:12,INFO,traitement de la règle: CoreNet-Teredo-In
2026-02-22 09:20:12,INFO,traitement de la règle: RemoteSvcAdmin-In-TCP-NoScope
2026-02-22 09:20:13,INFO,traitement de la règle: NVS-FrameServer-Out-TCP-NoScope
2026-02-22 09:20:13,INFO,traitement de la règle: PNRPMNRS-PNRP-Out-UDP
2026-02-22 09:20:13,INFO,traitement de la règle: MSDTC-RPCSS-In-TCP
2026-02-22 09:20:13,INFO,traitement de la règle: NETDIS-UPnPHost-In-TCP
2026-02-22 09:20:14,INFO,traitement de la règle: CoreNet-ICMP6-NDA-Out
2026-02-22 09:20:14,INFO,traitement de la règle: AllJoyn-Router-Out-UDP
2026-02-22 09:20:14,INFO,traitement de la règle: RemoteFwAdmin-RPCSS-In-TCP-NoScope
2026-02-22 09:20:15,INFO,traitement de la règle: RemoteSvcAdmin-NP-In-TCP
2026-02-22 09:20:15,INFO,traitement de la règle: Microsoft-Windows-DeviceManagement-deviceenroller-TCP-Out
2026-02-22 09:20:15,INFO,traitement de la règle: CoreNet-ICMP6-LQ-Out
2026-02-22 09:20:16,INFO,traitement de la règle: Collab-PNRP-SSDPSrv-Out-UDP
2026-02-22 09:20:16,INFO,traitement de la règle: NETDIS-NB_Name-In-UDP-NoScope
2026-02-22 09:20:16,INFO,traitement de la règle: CoreNet-Diag-ICMP6-EchoRequest-In
2026-02-22 09:20:17,INFO,traitement de la règle: RVM-RPCSS-In-TCP-NoScope
2026-02-22 09:20:17,INFO,traitement de la règle: RVM-VDSLDR-In-TCP
2026-02-22 09:20:17,INFO,traitement de la règle: TPMVSCMGR-RPCSS-In-TCP
2026-02-22 09:20:17,INFO,traitement de la règle: TPMVSCMGR-Server-In-TCP
2026-02-22 09:20:18,INFO,traitement de la règle: TPMVSCMGR-Server-Out-TCP
2026-02-22 09:20:18,INFO,traitement de la règle: RemoteAssistance-SSDPSrv-In-UDP-Active
2026-02-22 09:20:18,INFO,traitement de la règle: NETDIS-WSDEVNTS-Out-TCP-NoScope
2026-02-22 09:20:19,INFO,traitement de la règle: NETDIS-LLMNR-Out-UDP-Active
2026-02-22 09:20:19,INFO,traitement de la règle: NETDIS-UPnPHost-In-TCP-Teredo
2026-02-22 09:20:19,INFO,traitement de la règle: NETDIS-FDRESPUB-WSD-Out-UDP
2026-02-22 09:20:19,INFO,traitement de la règle: CoreNet-ICMP6-TE-Out
2026-02-22 09:20:20,INFO,traitement de la règle: Netlogon-NamedPipe-In
2026-02-22 09:20:20,INFO,traitement de la règle: NETDIS-SSDPSrv-In-UDP-Active
2026-02-22 09:20:20,INFO,traitement de la règle: vm-monitoring-icmpv4
2026-02-22 09:20:21,INFO,traitement de la règle: CDPSvc-In-UDP
2026-02-22 09:20:21,INFO,traitement de la règle: CDPSvc-In-TCP
2026-02-22 09:20:21,INFO,traitement de la règle: RemoteTask-RPCSS-In-TCP
2026-02-22 09:20:22,INFO,traitement de la règle: MDNS-In-UDP-Private-Active
2026-02-22 09:20:22,INFO,traitement de la règle: AllJoyn-Router-Out-TCP
2026-02-22 09:20:22,INFO,traitement de la règle: RemoteAssistance-In-TCP-EdgeScope
2026-02-22 09:20:22,INFO,traitement de la règle: ProximityUxHost-Sharing-Out-TCP-NoScope
2026-02-22 09:20:23,INFO,traitement de la règle: NETDIS-LLMNR-In-UDP-Active
2026-02-22 09:20:23,INFO,traitement de la règle: vm-monitoring-icmpv6
2026-02-22 09:20:23,INFO,traitement de la règle: CoreNet-ICMP6-LR-Out
2026-02-22 09:20:24,INFO,traitement de la règle: TPMVSCMGR-Server-Out-TCP-NoScope
2026-02-22 09:20:24,INFO,traitement de la règle: WFDPRINT-DAFWSD-Out-Active
2026-02-22 09:20:24,INFO,traitement de la règle: RRAS-L2TP-In-UDP
2026-02-22 09:20:24,INFO,traitement de la règle: CoreNet-ICMP6-PTB-In
2026-02-22 09:20:25,INFO,traitement de la règle: CoreNet-DHCP-Out
2026-02-22 09:20:25,INFO,traitement de la règle: CoreNet-IPHTTPS-In
2026-02-22 09:20:25,INFO,traitement de la règle: NETDIS-WSDEVNT-Out-TCP
2026-02-22 09:20:25,INFO,traitement de la règle: RemoteFwAdmin-In-TCP
2026-02-22 09:20:26,INFO,traitement de la règle: AllJoyn-Router-In-TCP
2026-02-22 09:20:26,INFO,traitement de la règle: AllJoyn-Router-In-UDP
2026-02-22 09:20:26,INFO,traitement de la règle: RemoteAssistance-PnrpSvc-UDP-OUT-Active
2026-02-22 09:20:27,INFO,traitement de la règle: CoreNet-ICMP6-LD-In
2026-02-22 09:20:27,INFO,traitement de la règle: Microsoft-Windows-Unified-Telemetry-Client
2026-02-22 09:20:27,INFO,traitement de la règle: NETDIS-WSDEVNTS-In-TCP
2026-02-22 09:20:27,INFO,traitement de la règle: CoreNet-ICMP6-DU-In
2026-02-22 09:20:28,INFO,traitement de la règle: WFDPRINT-SCAN-Out-Active
2026-02-22 09:20:28,INFO,traitement de la règle: NETDIS-NB_Datagram-In-UDP-Active
2026-02-22 09:20:28,INFO,traitement de la règle: CDPSvc-WFD-In-TCP
2026-02-22 09:20:29,INFO,traitement de la règle: RemoteTask-In-TCP
2026-02-22 09:20:29,INFO,traitement de la règle: NETDIS-SSDPSrv-Out-UDP
2026-02-22 09:20:29,INFO,traitement de la règle: CoreNet-Diag-ICMP4-EchoRequest-Out
2026-02-22 09:20:30,INFO,traitement de la règle: MDNS-Out-UDP-Private-Active
2026-02-22 09:20:30,INFO,traitement de la règle: NETDIS-NB_Datagram-Out-UDP-NoScope
2026-02-22 09:20:30,INFO,traitement de la règle: PerfLogsAlerts-DCOM-In-TCP-NoScope
2026-02-22 09:20:30,INFO,traitement de la règle: RRAS-PPTP-Out-TCP
2026-02-22 09:20:31,INFO,traitement de la règle: PerfLogsAlerts-PLASrv-In-TCP-NoScope
2026-02-22 09:20:31,INFO,traitement de la règle: WINRM-HTTP-In-TCP-NoScope
2026-02-22 09:20:31,INFO,traitement de la règle: NETDIS-FDPHOST-Out-UDP
2026-02-22 09:20:32,INFO,traitement de la règle: NETDIS-WSDEVNT-In-TCP
2026-02-22 09:20:32,INFO,traitement de la règle: CoreNet-ICMP6-NDS-Out
2026-02-22 09:20:32,INFO,traitement de la règle: WFDPRINT-DAFWSD-In-Active
2026-02-22 09:20:32,INFO,traitement de la règle: Collab-PNRP-Out-UDP
2026-02-22 09:20:33,INFO,traitement de la règle: WirelessDisplay-In-TCP
2026-02-22 09:20:33,INFO,traitement de la règle: PNRPMNRS-SSDPSrv-In-UDP
2026-02-22 09:20:33,INFO,traitement de la règle: NETDIS-UPnPHost-In-TCP-NoScope
2026-02-22 09:20:34,INFO,traitement de la règle: PerfLogsAlerts-DCOM-In-TCP
2026-02-22 09:20:34,INFO,traitement de la règle: CoreNet-IPv6-Out
2026-02-22 09:20:34,INFO,traitement de la règle: NETDIS-WSDEVNTS-Out-TCP-Active
2026-02-22 09:20:35,INFO,traitement de la règle: RemoteEventLogSvc-RPCSS-In-TCP
2026-02-22 09:20:35,INFO,traitement de la règle: CoreNet-Diag-ICMP6-EchoRequest-Out-NoScope
2026-02-22 09:20:35,INFO,traitement de la règle: WMI-RPCSS-In-TCP-NoScope
2026-02-22 09:20:35,INFO,traitement de la règle: RemoteAssistance-SSDPSrv-In-TCP-Active
2026-02-22 09:20:36,INFO,traitement de la règle: MSDTC-KTMRM-In-TCP-NoScope
2026-02-22 09:20:36,INFO,traitement de la règle: ProximityUxHost-Sharing-In-TCP-NoScope
2026-02-22 09:20:36,INFO,traitement de la règle: MsiScsi-Out-TCP-NoScope
2026-02-22 09:20:37,INFO,traitement de la règle: NETDIS-FDRESPUB-WSD-In-UDP
2026-02-22 09:20:37,INFO,traitement de la règle: CoreNet-IGMP-In
2026-02-22 09:20:37,INFO,traitement de la règle: CoreNet-GP-NP-Out-TCP
2026-02-22 09:20:38,INFO,traitement de la règle: WMI-WINMGMT-In-TCP-NoScope
2026-02-22 09:20:38,INFO,traitement de la règle: CoreNet-ICMP6-LR2-In
2026-02-22 09:20:38,INFO,traitement de la règle: RVM-VDSLDR-In-TCP-NoScope
2026-02-22 09:20:38,INFO,traitement de la règle: NETDIS-FDPHOST-Out-UDP-Active
2026-02-22 09:20:39,INFO,traitement de la règle: NETDIS-FDPHOST-In-UDP
2026-02-22 09:20:39,INFO,traitement de la règle: RemoteEventLogSvc-In-TCP-NoScope
2026-02-22 09:20:39,INFO,traitement de la règle: CoreNet-ICMP6-LQ-In
2026-02-22 09:20:40,INFO,traitement de la règle: Collab-PNRP-SSDPSrv-In-UDP
2026-02-22 09:20:40,INFO,traitement de la règle: Microsoft-Windows-DeviceManagement-OmaDmClient-TCP-Out
2026-02-22 09:20:40,INFO,traitement de la règle: CoreNet-ICMP6-LR-In
2026-02-22 09:20:40,INFO,traitement de la règle: CoreNet-Diag-ICMP4-EchoRequest-In-NoScope
2026-02-22 09:20:41,INFO,traitement de la règle: SSTP-IN-TCP
2026-02-22 09:20:41,INFO,traitement de la règle: DIAL-Protocol-Server-HTTPSTR-In-TCP-LocalSubnetScope
2026-02-22 09:20:41,INFO,traitement de la règle: MSDTC-In-TCP
2026-02-22 09:20:42,INFO,traitement de la règle: CoreNet-DHCPV6-Out
2026-02-22 09:20:42,INFO,traitement de la règle: RVM-VDS-In-TCP-NoScope
2026-02-22 09:20:42,INFO,traitement de la règle: WMI-WINMGMT-Out-TCP-NoScope
2026-02-22 09:20:42,INFO,traitement de la règle: Netlogon-TCP-RPC-In
2026-02-22 09:20:43,INFO,traitement de la règle: CoreNet-ICMP6-TE-In
2026-02-22 09:20:43,INFO,traitement de la règle: MDNS-In-UDP-Domain-Active
2026-02-22 09:20:43,INFO,traitement de la règle: Collab-P2PHost-In-TCP
2026-02-22 09:20:44,INFO,traitement de la règle: RemoteAssistance-In-TCP-EdgeScope-Active
2026-02-22 09:20:44,INFO,traitement de la règle: NETDIS-UPnP-Out-TCP-Active
2026-02-22 09:20:44,INFO,traitement de la règle: CoreNet-Diag-ICMP4-EchoRequest-In
2026-02-22 09:20:45,INFO,traitement de la règle: WINRM-HTTP-Compat-In-TCP-NoScope
2026-02-22 09:20:45,INFO,traitement de la règle: NETDIS-NB_Name-Out-UDP-Active
2026-02-22 09:20:45,INFO,traitement de la règle: RRAS-GRE-Out
2026-02-22 09:20:45,INFO,traitement de la règle: MSDTC-In-TCP-NoScope
2026-02-22 09:20:46,INFO,traitement de la règle: NETDIS-NB_Name-Out-UDP-NoScope
2026-02-22 09:20:46,INFO,traitement de la règle: CoreNet-GP-Out-TCP
2026-02-22 09:20:46,INFO,traitement de la règle: CoreNet-Diag-ICMP6-EchoRequest-In-NoScope
2026-02-22 09:20:47,INFO,traitement de la règle: MDNS-In-UDP-Public-Active
2026-02-22 09:20:47,INFO,traitement de la règle: WMPNSS-WMP-Out-TCP
2026-02-22 09:20:47,INFO,traitement de la règle: WMP-In-UDP
2026-02-22 09:20:48,INFO,traitement de la règle: Microsoft-Windows-PeerDist-HostedServer-Out
2026-02-22 09:20:48,INFO,traitement de la règle: PlayTo-QWave-Out-TCP-PlayToScope
2026-02-22 09:20:48,INFO,traitement de la règle: Microsoft-Windows-PeerDist-WSD-In
2026-02-22 09:20:48,INFO,traitement de la règle: PlayTo-In-UDP-LocalSubnetScope
2026-02-22 09:20:49,INFO,traitement de la règle: MCX-HTTPSTR-In-TCP
2026-02-22 09:20:49,INFO,traitement de la règle: WPDMTP-Out-TCP
2026-02-22 09:20:49,INFO,traitement de la règle: MCX-QWave-In-UDP
2026-02-22 09:20:50,INFO,traitement de la règle: PlayTo-Out-UDP-PlayToScope
2026-02-22 09:20:50,INFO,traitement de la règle: PlayTo-Out-UDP-LocalSubnetScope
2026-02-22 09:20:50,INFO,traitement de la règle: MCX-Prov-Out-TCP
2026-02-22 09:20:51,INFO,traitement de la règle: WMPNSS-QWave-In-TCP
2026-02-22 09:20:51,INFO,traitement de la règle: WMPNSS-QWave-In-UDP
2026-02-22 09:20:51,INFO,traitement de la règle: PlayTo-In-UDP-NoScope
2026-02-22 09:20:51,INFO,traitement de la règle: WMPNSS-UPnPHost-In-TCP
2026-02-22 09:20:52,INFO,traitement de la règle: WMPNSS-WMP-Out-UDP-NoScope
2026-02-22 09:20:52,INFO,traitement de la règle: Microsoft-Windows-PeerDist-HostedServer-In
2026-02-22 09:20:52,INFO,traitement de la règle: WMPNSS-UPnP-Out-TCP
2026-02-22 09:20:53,INFO,traitement de la règle: WMPNSS-In-UDP-NoScope
2026-02-22 09:20:53,INFO,traitement de la règle: WMPNSS-In-TCP-NoScope
2026-02-22 09:20:53,INFO,traitement de la règle: WMPNSS-QWave-In-TCP-NoScope
2026-02-22 09:20:54,INFO,traitement de la règle: PlayTo-In-RTSP-NoScope
2026-02-22 09:20:54,INFO,traitement de la règle: MCX-In-UDP
2026-02-22 09:20:54,INFO,traitement de la règle: WMP-In-UDP-x86
2026-02-22 09:20:54,INFO,traitement de la règle: WMPNSS-In-UDP
2026-02-22 09:20:55,INFO,traitement de la règle: WMPNSS-In-TCP
2026-02-22 09:20:55,INFO,traitement de la règle: WPDMTP-Out-TCP-NoScope
2026-02-22 09:20:55,INFO,traitement de la règle: WMPNSS-WMP-In-UDP-NoScope
2026-02-22 09:20:56,INFO,traitement de la règle: PlayTo-QWave-In-UDP-PlayToScope
2026-02-22 09:20:56,INFO,traitement de la règle: WMPNSS-HTTPSTR-Out-TCP-NoScope
2026-02-22 09:20:56,INFO,traitement de la règle: CloudIdSvc-Allow-HTTPS-Out-TCP
2026-02-22 09:20:56,INFO,traitement de la règle: WMPNSS-WMP-In-UDP
2026-02-22 09:20:57,INFO,traitement de la règle: MCX-In-TCP
2026-02-22 09:20:57,INFO,traitement de la règle: MCX-QWave-Out-UDP
2026-02-22 09:20:57,INFO,traitement de la règle: MCX-QWave-Out-TCP
2026-02-22 09:20:58,INFO,traitement de la règle: PlayTo-QWave-Out-UDP-PlayToScope
2026-02-22 09:20:58,INFO,traitement de la règle: MCX-TERMSRV-In-TCP
2026-02-22 09:20:58,INFO,traitement de la règle: WMPNSS-SSDPSrv-Out-UDP
2026-02-22 09:20:59,INFO,traitement de la règle: SPPSVC-In-TCP
2026-02-22 09:20:59,INFO,traitement de la règle: WMPNSS-QWave-Out-TCP
2026-02-22 09:20:59,INFO,traitement de la règle: WMPNSS-WMP-Out-TCP-NoScope
2026-02-22 09:20:59,INFO,traitement de la règle: WMPNSS-UPnPHost-Out-TCP
2026-02-22 09:21:00,INFO,traitement de la règle: FPSSMBD-iWARP-In-TCP
2026-02-22 09:21:00,INFO,traitement de la règle: WMPNSS-SSDPSrv-In-UDP
2026-02-22 09:21:00,INFO,traitement de la règle: WPDMTP-UPnPHost-In-TCP
2026-02-22 09:21:01,INFO,traitement de la règle: WMPNSS-HTTPSTR-Out-TCP
2026-02-22 09:21:01,INFO,traitement de la règle: WPDMTP-UPnPHost-Out-TCP
2026-02-22 09:21:01,INFO,traitement de la règle: WMPNSS-Out-UDP
2026-02-22 09:21:02,INFO,traitement de la règle: WMPNSS-HTTPSTR-In-TCP
2026-02-22 09:21:02,INFO,traitement de la règle: WMPNSS-QWave-Out-UDP
2026-02-22 09:21:02,INFO,traitement de la règle: PlayTo-HTTPSTR-In-TCP-LocalSubnetScope
2026-02-22 09:21:02,INFO,traitement de la règle: PlayTo-QWave-In-TCP-PlayToScope
2026-02-22 09:21:03,INFO,traitement de la règle: MCX-SSDPSrv-In-UDP
2026-02-22 09:21:03,INFO,traitement de la règle: WMPNSS-QWave-Out-UDP-NoScope
2026-02-22 09:21:03,INFO,traitement de la règle: WMPNSS-QWave-Out-TCP-NoScope
2026-02-22 09:21:04,INFO,traitement de la règle: MCX-FDPHost-Out-TCP
2026-02-22 09:21:04,INFO,traitement de la règle: MCX-MCX2SVC-Out-TCP
2026-02-22 09:21:04,INFO,traitement de la règle: WMPNSS-Out-TCP
2026-02-22 09:21:04,INFO,traitement de la règle: Microsoft-Windows-PeerDist-HostedClient-Out
2026-02-22 09:21:05,INFO,traitement de la règle: PlayTo-SSDP-Discovery-PlayToScope
2026-02-22 09:21:05,INFO,traitement de la règle: MCX-McrMgr-Out-TCP
2026-02-22 09:21:05,INFO,traitement de la règle: WPDMTP-SSDPSrv-In-UDP
2026-02-22 09:21:06,INFO,traitement de la règle: PlayTo-Out-UDP-NoScope
2026-02-22 09:21:06,INFO,traitement de la règle: WPDMTP-SSDPSrv-Out-UDP
2026-02-22 09:21:06,INFO,traitement de la règle: WPDMTP-UPnP-Out-TCP
2026-02-22 09:21:07,INFO,traitement de la règle: PlayTo-UPnP-Events-PlayToScope
2026-02-22 09:21:07,INFO,traitement de la règle: MCX-Out-TCP
2026-02-22 09:21:07,INFO,traitement de la règle: MCX-Out-UDP
2026-02-22 09:21:07,INFO,traitement de la règle: MCX-PlayTo-Out-UDP
2026-02-22 09:21:08,INFO,traitement de la règle: PlayTo-In-RTSP-LocalSubnetScope
2026-02-22 09:21:08,INFO,traitement de la règle: WMPNSS-Out-UDP-NoScope
2026-02-22 09:21:08,INFO,traitement de la règle: PlayTo-In-UDP-PlayToScope
2026-02-22 09:21:09,INFO,traitement de la règle: SPPSVC-In-TCP-NoScope
2026-02-22 09:21:09,INFO,traitement de la règle: MCX-PlayTo-In-TCP
2026-02-22 09:21:09,INFO,traitement de la règle: Microsoft-Windows-PeerDist-HttpTrans-Out
2026-02-22 09:21:10,INFO,traitement de la règle: MCX-SSDPSrv-Out-UDP
2026-02-22 09:21:10,INFO,traitement de la règle: MCX-PlayTo-Out-TCP
2026-02-22 09:21:10,INFO,traitement de la règle: WMP-Out-UDP-x86
2026-02-22 09:21:10,INFO,traitement de la règle: WMP-Out-TCP-x86
2026-02-22 09:21:11,INFO,traitement de la règle: PlayTo-HTTPSTR-In-TCP-NoScope
2026-02-22 09:21:11,INFO,traitement de la règle: PlayTo-HTTPSTR-In-TCP-PlayToScope
2026-02-22 09:21:11,INFO,traitement de la règle: PlayTo-In-RTSP-PlayToScope
2026-02-22 09:21:12,INFO,traitement de la règle: WMPNSS-WMP-Out-UDP
2026-02-22 09:21:12,INFO,traitement de la règle: WMPNSS-HTTPSTR-In-TCP-NoScope
2026-02-22 09:21:12,INFO,traitement de la règle: Microsoft-Windows-PeerDist-HttpTrans-In
2026-02-22 09:21:12,INFO,traitement de la règle: WMP-Out-UDP
2026-02-22 09:21:13,INFO,traitement de la règle: WMP-Out-TCP
2026-02-22 09:21:13,INFO,traitement de la règle: Microsoft-Windows-PeerDist-WSD-Out
2026-02-22 09:21:13,INFO,traitement de la règle: WMPNSS-QWave-In-UDP-NoScope
2026-02-22 09:21:14,INFO,traitement de la règle: WMPNSS-Out-TCP-NoScope
2026-02-22 09:21:14,INFO,traitement de la règle: MCX-QWave-In-TCP
2026-02-22 09:21:14,INFO,traitement de la règle: NetworkLoadBalancing-ICMPv4-DU-In
2026-02-22 09:21:15,INFO,traitement de la règle: NetworkLoadBalancing-ICMPv4-ER-In
2026-02-22 09:21:15,INFO,traitement de la règle: NetworkLoadBalancing-ICMPv4-ERQ-Out
2026-02-22 09:21:15,INFO,traitement de la règle: NetworkLoadBalancing-ICMPv6-ERQ-Out
2026-02-22 09:21:15,INFO,traitement de la règle: NetworkLoadBalancing-ICMPv6-DU-In
2026-02-22 09:21:16,INFO,traitement de la règle: NetworkLoadBalancing-ICMPv6-ER-In
2026-02-22 09:21:16,INFO,traitement de la règle: OpenSSH-Server-In-TCP
2026-02-22 09:21:16,INFO,traitement de la règle: SNMP-Out-UDP
2026-02-22 09:21:17,INFO,traitement de la règle: SNMP-In-UDP-NoScope
2026-02-22 09:21:17,INFO,traitement de la règle: SNMP-Out-UDP-NoScope
2026-02-22 09:21:17,INFO,traitement de la règle: SNMP-In-UDP
2026-02-22 09:21:18,INFO,traitement de la règle: DfsMgmt-In-TCP
2026-02-22 09:21:18,INFO,traitement de la règle: DfSMgmt-DCOM-In-TCP
2026-02-22 09:21:18,INFO,traitement de la règle: DfsMgmt-SMB-In-TCP
2026-02-22 09:21:18,INFO,traitement de la règle: DfsMgmt-WMI-In-TCP
2026-02-22 09:21:19,INFO,traitement de la règle: FailoverClusterManager-ICMPv6-ERQ-Out
2026-02-22 09:21:19,INFO,traitement de la règle: FailoverClusterManager-ICMPv4-ER-In
2026-02-22 09:21:19,INFO,traitement de la règle: FailoverClusterManager-ICMPv6-ER-In
2026-02-22 09:21:20,INFO,traitement de la règle: FailoverClusterManager-ICMPv4-ERQ-Out
2026-02-22 09:21:20,INFO,traitement de la règle: UDP Query User{9EBF82BB-A76D-4065-ABDA-A222F67D1B7D}C:\users\olivier\appdata\local\programs\curseforge\curseforge.exe
2026-02-22 09:21:20,INFO,traitement de la règle: TCP Query User{539E59FB-20DA-412F-A593-365E38158BD9}C:\users\olivier\appdata\local\programs\curseforge\curseforge.exe
2026-02-22 09:21:20,INFO,traitement de la règle: UDP Query User{14373D36-A07B-44CE-81B5-FF20E521325C}C:\users\olivier\appdata\local\programs\curseforge\curseforge.exe
2026-02-22 09:21:21,INFO,traitement de la règle: TCP Query User{C9BD2C56-82AE-4E92-8F0F-FDD684FAE5E6}C:\users\olivier\appdata\local\programs\curseforge\curseforge.exe
2026-02-22 09:21:21,INFO,traitement de la règle: {7AAEA45E-F38F-4461-8025-936AEF8EFD26}
2026-02-22 09:21:21,INFO,traitement de la règle: {12E1F0E2-C56F-4B0D-902F-71B11880F9CE}
2026-02-22 09:21:22,INFO,traitement de la règle: {984D1D75-4BFD-43A7-AD31-457D594BFD87}
2026-02-22 09:21:22,INFO,traitement de la règle: {4B7B4634-30E6-4E48-9D52-2C47F890C4CC}
2026-02-22 09:21:22,INFO,traitement de la règle: UDP Query User{CF344417-1BB7-44F7-AC9A-C47D6A24F29F}D:\steamlibrary\steamapps\common\counter-strike global offensive\game\bin\win64\cs2.exe
2026-02-22 09:21:23,INFO,traitement de la règle: TCP Query User{270F03CC-6A2A-41EC-8067-22B3E603327D}D:\steamlibrary\steamapps\common\counter-strike global offensive\game\bin\win64\cs2.exe
2026-02-22 09:21:23,INFO,traitement de la règle: {18116CEE-C1CF-4C1D-A4CB-CAFADF4D2480}
2026-02-22 09:21:23,INFO,traitement de la règle: {AE2A61A0-42EA-41BE-95DA-899CA996FDC4}
2026-02-22 09:21:23,INFO,traitement de la règle: {8C8BF2A1-C553-40CF-9398-B4AFE8F68905}
2026-02-22 09:21:24,INFO,traitement de la règle: {2CF61077-138E-4D29-88BE-64D07249C38C}
2026-02-22 09:21:24,INFO,traitement de la règle: {A38DDEA4-F156-49C8-9E05-77FF23BB422F}
2026-02-22 09:21:24,INFO,traitement de la règle: UDP Query User{E581B754-526C-439B-9787-D1FCBDA2FAE4}D:\binairespourwindows10-11\anydesk\anydesk.exe
2026-02-22 09:21:25,INFO,traitement de la règle: TCP Query User{B5A98F2E-8F57-4AA2-AB54-C9FE9734CF7E}D:\binairespourwindows10-11\anydesk\anydesk.exe
2026-02-22 09:21:25,INFO,traitement de la règle: {F135688D-80EB-4084-88A1-9A89C74E5B54}
2026-02-22 09:21:25,INFO,traitement de la règle: {E6A06904-631E-4F25-B0CD-ABCEF306A679}
2026-02-22 09:21:25,INFO,traitement de la règle: UDP Query User{8AE65DC9-BCEE-403C-A61E-4D7AF2A0348B}C:\program files\windowsapps\21382feeperfectag.feemwififiletransfer_5.23.1.0_x64__3xp8pt3b97ng4\app\feem.exe
2026-02-22 09:21:26,INFO,traitement de la règle: TCP Query User{556492B2-B226-4BA4-B1AF-26EF5556EEF3}C:\program files\windowsapps\21382feeperfectag.feemwififiletransfer_5.23.1.0_x64__3xp8pt3b97ng4\app\feem.exe
2026-02-22 09:21:26,INFO,traitement de la règle: {5542348B-04A7-4CFB-89A1-E22960002341}
2026-02-22 09:21:26,INFO,traitement de la règle: {D6DCB0A7-FBC5-4601-A657-B996BF5BF069}
2026-02-22 09:21:27,INFO,traitement de la règle: {8CB4256D-018B-49DF-A7EF-1BAE01BCB256}
2026-02-22 09:21:27,INFO,traitement de la règle: {C6720538-A068-4064-9305-BB03649D6371}
2026-02-22 09:21:27,INFO,traitement de la règle: UDP Query User{95D8BEC0-3E3F-4483-8E94-23A0B270B3D7}C:\program files\videolan\vlc\vlc.exe
2026-02-22 09:21:28,INFO,traitement de la règle: TCP Query User{D398DF77-A585-4385-8706-2A2340E5DD16}C:\program files\videolan\vlc\vlc.exe
2026-02-22 09:21:28,INFO,traitement de la règle: {AC42695C-5FEE-43A0-9248-236B472F14CA}
2026-02-22 09:21:28,INFO,traitement de la règle: {7F7D9F1C-7765-47A0-816A-799E63F7FA2E}
2026-02-22 09:21:28,INFO,traitement de la règle: {418F6D46-5EC0-44ED-A713-52E942BA2EEE}
2026-02-22 09:21:29,INFO,traitement de la règle: {E95613B9-B471-4A18-8E82-0ADA17785306}
2026-02-22 09:21:29,INFO,traitement de la règle: {933B43A4-CBDD-43AF-ABF0-A5A5493F0DFE}
2026-02-22 09:21:29,INFO,traitement de la règle: {F655A785-4E49-4E5F-B732-0961A4F3A401}
2026-02-22 09:21:30,INFO,traitement de la règle: UDP Query User{D303CA92-35A4-4942-A2E0-4D08991B65DE}C:\users\olivier\onedrive\bureau\portscan.exe
2026-02-22 09:21:30,INFO,traitement de la règle: TCP Query User{5502510F-EA74-462F-B5C6-DC2FDA9A630F}C:\users\olivier\onedrive\bureau\portscan.exe
2026-02-22 09:21:30,INFO,traitement de la règle: UDP Query User{A5E848AD-26FC-41CD-B933-44D17D1B66E7}D:\binairespourwindows10-11\anydesk\anydesk.exe
2026-02-22 09:21:30,INFO,traitement de la règle: TCP Query User{55E194D6-0CE6-42B0-8C23-283EC94139B9}D:\binairespourwindows10-11\anydesk\anydesk.exe
2026-02-22 09:21:31,INFO,traitement de la règle: UDP Query User{D8C80BAF-E585-45D9-A68C-0559BCEAA136}C:\riot games\riot client\riotclientelectron\riot client.exe
2026-02-22 09:21:31,INFO,traitement de la règle: TCP Query User{2B8D0231-05EF-4554-A842-417087D51E11}C:\riot games\riot client\riotclientelectron\riot client.exe
2026-02-22 09:21:31,INFO,traitement de la règle: {CC665862-14CA-4480-B44A-15CD4818EEC9}
2026-02-22 09:21:32,INFO,traitement de la règle: UDP Query User{F3E2234F-D479-4939-80CD-1C016F2077FB}C:\program files\corsair\corsair icue5 software\icue.exe
2026-02-22 09:21:32,INFO,traitement de la règle: TCP Query User{3167641A-D07A-4B0E-B8EA-D586116F35CD}C:\program files\corsair\corsair icue5 software\icue.exe
2026-02-22 09:21:32,INFO,traitement de la règle: UDP Query User{1A113461-9F7C-42D3-BD35-71516B9A3F9D}C:\users\olivier\appdata\local\packages\b9eced6f.armourycrate_qmba6cd70vzyy\localstate\gridupdatefile\asusgcdriverupdateclient.exe
2026-02-22 09:21:32,INFO,traitement de la règle: TCP Query User{FA60DDB6-CA5B-4BF1-B367-1A05B90946F5}C:\users\olivier\appdata\local\packages\b9eced6f.armourycrate_qmba6cd70vzyy\localstate\gridupdatefile\asusgcdriverupdateclient.exe
2026-02-22 09:21:33,INFO,traitement de la règle: {1E77B641-35B7-434C-9E54-646417F37CF3}
2026-02-22 09:21:33,INFO,traitement de la règle: {3A5A93CD-058A-4917-BB27-2C854F16193F}
2026-02-22 09:21:33,INFO,traitement de la règle: {3D8E33B7-2799-441D-9A62-0BC7D1F2CA71}
2026-02-22 09:21:34,INFO,traitement de la règle: {041ED55F-32C4-485C-A063-B429C390E1FD}
2026-02-22 09:21:34,INFO,traitement de la règle: {BB82C40B-79A4-4D33-AFE4-DCE4D8E933B3}
2026-02-22 09:21:34,INFO,traitement de la règle: {50291C02-9459-472B-B781-714EF26EAA78}
2026-02-22 09:21:34,INFO,traitement de la règle: UDP Query User{63B91A18-894A-400D-94AB-D5E02BF3475E}D:\steamlibrary\steamapps\common\counter-strike global offensive\game\bin\win64\cs2.exe
2026-02-22 09:21:35,INFO,traitement de la règle: TCP Query User{881E2FF5-127A-492A-8BB8-D20EF2A5981F}D:\steamlibrary\steamapps\common\counter-strike global offensive\game\bin\win64\cs2.exe
2026-02-22 09:21:35,INFO,traitement de la règle: {9E591BCB-3729-480A-8FA5-6DA0BC34D901}
2026-02-22 09:21:35,INFO,traitement de la règle: {24FE1ABC-97B8-4DB5-B0C5-94137784CC12}
2026-02-22 09:21:36,INFO,traitement de la règle: UDP Query User{0A526671-12D1-4E2E-AABB-5B2E1CF2DB2F}C:\program files (x86)\steam\steamapps\common\counter-strike global offensive\game\bin\win64\cs2.exe
2026-02-22 09:21:36,INFO,traitement de la règle: TCP Query User{6B61B259-CDB3-43EA-AF6A-44E93133E284}C:\program files (x86)\steam\steamapps\common\counter-strike global offensive\game\bin\win64\cs2.exe
2026-02-22 09:21:36,INFO,traitement de la règle: UDP Query User{12C1BEA8-FD8E-48F1-9E68-ABA05BBB0748}C:\users\olivier\appdata\local\microsoft\teams\current\teams.exe
2026-02-22 09:21:37,INFO,traitement de la règle: TCP Query User{42682BC9-B1F2-44EC-84E1-EEA9D18F109F}C:\users\olivier\appdata\local\microsoft\teams\current\teams.exe
2026-02-22 09:21:37,INFO,traitement de la règle: {1BB8110B-DC07-4B7C-91C7-3F318F663115}
2026-02-22 09:21:37,INFO,traitement de la règle: {7093D481-CFA9-43C0-A2AC-D03FBD02B857}
2026-02-22 09:21:37,INFO,traitement de la règle: {715FED24-5330-490F-9908-B08D690BE013}
2026-02-22 09:21:38,INFO,traitement de la règle: {89FCEF7B-615D-4A26-BBA6-4D09FB1B5A0D}
2026-02-22 09:21:38,INFO,traitement de la règle: {577C81A0-F0F2-4EBD-BE9A-B90CEB5B4D61}
2026-02-22 09:21:38,INFO,traitement de la règle: {7FD66C5B-D35E-44A3-AD10-A2D74B25CC6A}
2026-02-22 09:21:39,INFO,traitement de la règle: {2632E1D7-0B5D-4E57-AC0B-132C50BEDD48}
2026-02-22 09:21:39,INFO,traitement de la règle: {F6C3426A-2C54-43C9-B75D-CAD56AACF5C5}
2026-02-22 09:21:39,INFO,traitement de la règle: {9A9F4E4B-5472-4311-8729-134BDFBAF7CA}
2026-02-22 09:21:40,INFO,traitement de la règle: {00CCE3D8-E6A1-4A5D-A83D-597A33708EEB}
2026-02-22 09:21:40,INFO,traitement de la règle: {4FBEAA65-68B4-44A1-9733-9D970625165B}
2026-02-22 09:21:40,INFO,traitement de la règle: {CF68B1AB-4CD7-4110-8361-9D9D8273E2D1}
2026-02-22 09:21:40,INFO,traitement de la règle: {A6C03AC4-64BC-466A-A8AF-E570BAE0BFE7}
2026-02-22 09:21:41,INFO,traitement de la règle: {E3C3713D-DE1E-4488-B58E-1E5520E98725}
2026-02-22 09:21:41,INFO,traitement de la règle: {2ACD8839-D743-4A74-A1EE-3D96CE4858DE}
2026-02-22 09:21:41,INFO,traitement de la règle: {39D4D83B-8CDF-4246-A921-CD5B52E59672}
2026-02-22 09:21:42,INFO,traitement de la règle: {D66EBF00-15C1-4EC7-9738-094265F0D44A}
2026-02-22 09:21:42,INFO,traitement de la règle: {8845818A-2E00-4788-B93D-0E610C14DE11}
2026-02-22 09:21:42,INFO,traitement de la règle: {3B58E2BC-891B-41B2-943E-F72312213702}
2026-02-22 09:21:43,INFO,traitement de la règle: {D32BAA29-7C52-4B9B-93A4-433E689D4A9A}
2026-02-22 09:21:43,INFO,traitement de la règle: {EE32BA5D-1869-4F1A-99DD-C9DCE7B1E8CF}
2026-02-22 09:21:43,INFO,traitement de la règle: {F9479514-E46F-46E5-8F16-9CA426E73E5B}
2026-02-22 09:21:43,INFO,traitement de la règle: {A0323130-2F88-497E-9777-35A49AEF6D6D}
2026-02-22 09:21:44,INFO,traitement de la règle: {FB772542-045B-43BC-90C4-58E17E1DC17A}
2026-02-22 09:21:44,INFO,traitement de la règle: {62BA0576-0A20-439D-B9F8-79A4714B726D}
2026-02-22 09:21:44,INFO,traitement de la règle: {A8C94630-5A8C-4788-AA67-8095F0003E18}
2026-02-22 09:21:45,INFO,traitement de la règle: {C63F49A9-FB00-4D2B-87AE-9E0491AE19B6}
2026-02-22 09:21:45,INFO,traitement de la règle: {5EFC98DB-C9DF-4E2C-A0CB-D02867D6B03A}
2026-02-22 09:21:45,INFO,traitement de la règle: {1CFDBE75-082B-4F75-B8D5-17E8F4E47C9D}
2026-02-22 09:21:46,INFO,traitement de la règle: {79F10F7B-B640-4101-92C4-E05E41479B1E}
2026-02-22 09:21:46,INFO,traitement de la règle: {FA9DAF44-C2E3-47AC-B026-A18FB03A82BE}
2026-02-22 09:21:46,INFO,traitement de la règle: {64F0D28F-BE49-4297-B93D-4F02B4BB2670}
2026-02-22 09:21:46,INFO,traitement de la règle: {22F7D838-D6CF-4BE3-B47A-1E5C3FE3339E}
2026-02-22 09:21:47,INFO,traitement de la règle: {078505A4-FABE-4FD9-A3F4-20BFB6CB2721}
2026-02-22 09:21:47,INFO,traitement de la règle: {A4743AF1-E16E-4813-A7DA-358EE8CDB8CE}
2026-02-22 09:21:47,INFO,traitement de la règle: {189BDA1A-DCA1-41E8-BF77-B7A720B0EE13}
2026-02-22 09:21:48,INFO,traitement de la règle: {12FB4FBB-D6CA-41F5-8B7D-61FA9E10E84A}
2026-02-22 09:21:48,INFO,traitement de la règle: {3722D7A6-BFEA-4B0C-B933-BBCF7D9C0F01}
2026-02-22 09:21:48,INFO,traitement de la règle: {1CBE8A03-1F2B-4055-A3E4-D8EC785C104E}
2026-02-22 09:21:49,INFO,traitement de la règle: {627B404E-74E8-455F-8064-4219831D9FDA}
2026-02-22 09:21:49,INFO,traitement de la règle: {1A354ADC-4D48-4869-A6F6-C7AEBD285209}
2026-02-22 09:21:49,INFO,traitement de la règle: {2888625F-6F4F-4668-B66A-1CF596DFB3E0}
2026-02-22 09:21:50,INFO,traitement de la règle: {977C04F3-9226-418D-85C4-CE482E6F3D1A}
2026-02-22 09:21:50,INFO,traitement de la règle: {8FBB614D-BF33-45DE-B1E1-9EB8EF7F8B00}
2026-02-22 09:21:50,INFO,traitement de la règle: {24184F8F-DE0D-49B8-B361-1D8C63817344}
2026-02-22 09:21:50,INFO,traitement de la règle: {E580DA16-A0C3-4CE0-9236-41A86A5C3C59}
2026-02-22 09:21:51,INFO,traitement de la règle: TCP Query User{9AC1B4BC-D590-426B-9A81-D5C7916562A3}C:\users\olivier\appdata\local\discord\app-1.0.9004\discord.exe
2026-02-22 09:21:51,INFO,traitement de la règle: UDP Query User{D16B9784-910D-4B53-8714-87D57BC1A11D}C:\users\olivier\appdata\local\discord\app-1.0.9004\discord.exe
2026-02-22 09:21:51,INFO,traitement de la règle: TCP Query User{85938A8A-CBFF-459F-8571-8B953694C2B1}C:\users\olivier\appdata\local\packages\b9eced6f.armourycrate_qmba6cd70vzyy\localstate\gridupdatefile\asusgcdriverupdateclient.exe
2026-02-22 09:21:52,INFO,traitement de la règle: UDP Query User{79CAA0F8-3546-4155-878C-EC2C8B2ECCEB}C:\users\olivier\appdata\local\packages\b9eced6f.armourycrate_qmba6cd70vzyy\localstate\gridupdatefile\asusgcdriverupdateclient.exe
2026-02-22 09:21:52,INFO,traitement de la règle: {F2D55A26-C693-4499-BA54-FCDFE5DD0D01}
2026-02-22 09:21:52,INFO,traitement de la règle: {7AAC0574-7448-4E9F-A4B2-4AEA77765779}
2026-02-22 09:21:53,INFO,traitement de la règle: {CFD6B683-7F96-495A-A5B6-641E37CA5A2D}
2026-02-22 09:21:53,INFO,traitement de la règle: {94A16F1D-615A-403B-B8DC-00F8A8DCA530}
2026-02-22 09:21:53,INFO,traitement de la règle: {5C1ADD95-B6EA-48BC-B9E2-A386EBA2E1CB}
2026-02-22 09:21:53,INFO,traitement de la règle: {552A40A2-8F55-4DEA-B824-F35FDA1244F9}
2026-02-22 09:21:54,INFO,traitement de la règle: {21B9B5F3-392D-450C-9D79-3DD901788C7D}
2026-02-22 09:21:54,INFO,traitement de la règle: {0A978651-CDDD-4A6E-BE18-460E64E29CF0}
2026-02-22 09:21:54,INFO,traitement de la règle: Gestion à distance de Windows (HTTPS-Entrée)
2026-02-22 09:21:55,INFO,traitement de la règle: {B0EC16E7-FF6C-47CB-B7C5-79BB414EF27F}
2026-02-22 09:21:55,INFO,traitement de la règle: {21394EC0-FE02-48C7-B9F3-B8780AE46544}
2026-02-22 09:21:55,INFO,traitement de la règle: {6DC635F6-83EC-4107-9ADB-7235BB6790F2}
2026-02-22 09:21:55,INFO,traitement de la règle: {11154AB5-DA2C-4521-BAB4-3C59A1400FF0}
2026-02-22 09:21:56,INFO,traitement de la règle: {A883F821-31F0-4D6A-838E-D016999738FE}
2026-02-22 09:21:56,INFO,traitement de la règle: {5289DD0B-CDAC-4D8A-8516-BE8472DAFFD7}
2026-02-22 09:21:56,INFO,traitement de la règle: {9F7087EC-6808-40F4-A0BF-394AAA214779}
2026-02-22 09:21:57,INFO,traitement de la règle: windows_ie_ac_001-Out-Allow-AllCapabilities
2026-02-22 09:21:57,INFO,traitement de la règle: Microsoft.AccountsControl_cw5n1h2txyewy-Out-Allow-AllCapabilities
2026-02-22 09:21:57,INFO,traitement de la règle: Microsoft.Win32WebViewHost_cw5n1h2txyewy-Out-Allow-AllCapabilities
2026-02-22 09:21:58,INFO,traitement de la règle: Microsoft.Win32WebViewHost_cw5n1h2txyewy-In-Allow-ServerCapability
2026-02-22 09:21:58,INFO,traitement de la règle: Microsoft.Windows.Apprep.ChxApp_cw5n1h2txyewy-Out-Allow-AllCapabilities
2026-02-22 09:21:58,INFO,traitement de la règle: Microsoft.Windows.CloudExperienceHost_cw5n1h2txyewy-Out-Allow-AllCapabilities
2026-02-22 09:21:58,INFO,traitement de la règle: Microsoft.Windows.CloudExperienceHost_cw5n1h2txyewy-In-Allow-ServerCapability
2026-02-22 09:21:59,INFO,traitement de la règle: Microsoft.Windows.ContentDeliveryManager_cw5n1h2txyewy-Out-Allow-AllCapabilities
2026-02-22 09:21:59,INFO,traitement de la règle: Microsoft.Windows.ParentalControls_cw5n1h2txyewy-Out-Allow-AllCapabilities
2026-02-22 09:21:59,INFO,traitement de la règle: Microsoft.Windows.PeopleExperienceHost_cw5n1h2txyewy-Out-Allow-AllCapabilities
2026-02-22 09:22:00,INFO,traitement de la règle: Microsoft.Windows.PrintQueueActionCenter_cw5n1h2txyewy-Out-Allow-AllCapabilities
2026-02-22 09:22:00,INFO,traitement de la règle: Microsoft.Windows.SecureAssessmentBrowser_cw5n1h2txyewy-Out-Allow-AllCapabilities
2026-02-22 09:22:00,INFO,traitement de la règle: Microsoft.XboxGameCallableUI_cw5n1h2txyewy-Out-Allow-AllCapabilities
2026-02-22 09:22:01,INFO,traitement de la règle: Windows.PrintDialog_cw5n1h2txyewy-Out-Allow-AllCapabilities
2026-02-22 09:22:01,INFO,traitement de la règle: Microsoft.PPIProjection_cw5n1h2txyewy-Out-Allow-AllCapabilities
2026-02-22 09:22:01,INFO,traitement de la règle: Microsoft.PPIProjection_cw5n1h2txyewy-In-Allow-ServerCapability
2026-02-22 09:22:02,INFO,traitement de la règle: Microsoft.Windows.NarratorQuickStart_8wekyb3d8bbwe-Out-Allow-AllCapabilities
2026-02-22 09:22:02,INFO,traitement de la règle: Microsoft.BingNews_8wekyb3d8bbwe-Out-Allow-AllCapabilities
2026-02-22 09:22:02,INFO,traitement de la règle: B9ECED6F.ArmouryCrate_qmba6cd70vzyy-Out-Allow-AllCapabilities
2026-02-22 09:22:02,INFO,traitement de la règle: B9ECED6F.ArmouryCrate_qmba6cd70vzyy-In-Allow-ServerCapability
2026-02-22 09:22:03,INFO,traitement de la règle: Microsoft.AAD.BrokerPlugin_cw5n1h2txyewy-Out-Allow-AllCapabilities
2026-02-22 09:22:03,INFO,traitement de la règle: Microsoft.AAD.BrokerPlugin_cw5n1h2txyewy-In-Allow-ServerCapability
2026-02-22 09:22:03,INFO,traitement de la règle: WiFiDirect-KM-Driver-Out-UDP
2026-02-22 09:22:04,INFO,traitement de la règle: Wininit-Shutdown-In-Rule-TCP-RPC
2026-02-22 09:22:04,INFO,traitement de la règle: Microsoft-Windows-WLANSvc-ASP-CP-In
2026-02-22 09:22:04,INFO,traitement de la règle: WiFiDirect-KM-Driver-In-TCP
2026-02-22 09:22:05,INFO,traitement de la règle: WiFiDirect-KM-Driver-Out-TCP
2026-02-22 09:22:05,INFO,traitement de la règle: Wininit-Shutdown-In-Rule-TCP-RPC-EPMapper
2026-02-22 09:22:05,INFO,traitement de la règle: Microsoft-Windows-WLANSvc-ASP-CP-Out
2026-02-22 09:22:05,INFO,traitement de la règle: WiFiDirect-KM-Driver-In-UDP
2026-02-22 09:22:06,INFO,traitement de la règle: {77E09812-3CED-44AB-B48A-2BD48741AF86}
2026-02-22 09:22:06,INFO,traitement de la règle: {758E22A6-17F2-42CD-BDD7-82D4CF903531}
2026-02-22 09:22:06,INFO,traitement de la règle: FPS-RPCSS-In-TCP-NoScope
2026-02-22 09:22:07,INFO,traitement de la règle: FPS-SpoolSvc-In-TCP-NoScope
2026-02-22 09:22:07,INFO,traitement de la règle: FPS-ICMP6-ERQ-Out-V2
2026-02-22 09:22:07,INFO,traitement de la règle: FPS-NB_Session-In-TCP-NoScope
2026-02-22 09:22:08,INFO,traitement de la règle: FPS-NB_Datagram-Out-UDP-NoScope
2026-02-22 09:22:08,INFO,traitement de la règle: FPS-SpoolSvc-In-TCP
2026-02-22 09:22:08,INFO,traitement de la règle: FPS-ICMP4-ERQ-Out
2026-02-22 09:22:08,INFO,traitement de la règle: FPS-NB_Name-Out-UDP-NoScope
2026-02-22 09:22:09,INFO,traitement de la règle: FPS-SMB-Out-TCP
2026-02-22 09:22:09,INFO,traitement de la règle: FPS-ICMP4-ERQ-Out-NoScope
2026-02-22 09:22:09,INFO,traitement de la règle: FPS-SMB-Out-TCP-NoScope
2026-02-22 09:22:10,INFO,traitement de la règle: FPS-SMB-In-TCP-V2
2026-02-22 09:22:10,INFO,traitement de la règle: FPS-SpoolWorker-In-TCP
2026-02-22 09:22:10,INFO,traitement de la règle: FPS-NB_Datagram-In-UDP-NoScope
2026-02-22 09:22:11,INFO,traitement de la règle: FPS-NB_Name-In-UDP
2026-02-22 09:22:11,INFO,traitement de la règle: FPS-NB_Session-Out-TCP
2026-02-22 09:22:11,INFO,traitement de la règle: FPS-LLMNR-In-UDP-V2
2026-02-22 09:22:11,INFO,traitement de la règle: FPS-LLMNR-Out-UDP-V2
2026-02-22 09:22:12,INFO,traitement de la règle: FPS-RPCSS-In-TCP
2026-02-22 09:22:12,INFO,traitement de la règle: FPS-ICMP6-ERQ-Out
2026-02-22 09:22:12,INFO,traitement de la règle: FPS-NB_Name-In-UDP-NoScope
2026-02-22 09:22:13,INFO,traitement de la règle: FPS-SpoolSvc-In-TCP-V2
2026-02-22 09:22:13,INFO,traitement de la règle: FPS-NB_Session-In-TCP
2026-02-22 09:22:13,INFO,traitement de la règle: FPS-ICMP4-ERQ-In
2026-02-22 09:22:13,INFO,traitement de la règle: FPS-SpoolWorker-In-TCP-V2
2026-02-22 09:22:14,INFO,traitement de la règle: FPS-SMB-In-TCP
2026-02-22 09:22:14,INFO,traitement de la règle: FPS-SMB-Out-TCP-V2
2026-02-22 09:22:14,INFO,traitement de la règle: FPS-SMB-In-TCP-NoScope
2026-02-22 09:22:15,INFO,traitement de la règle: FPS-ICMP6-ERQ-Out-NoScope
2026-02-22 09:22:15,INFO,traitement de la règle: FPS-SpoolWorker-In-TCP-NoScope
2026-02-22 09:22:15,INFO,traitement de la règle: FPS-ICMP4-ERQ-In-V2
2026-02-22 09:22:16,INFO,traitement de la règle: FPS-NB_Datagram-Out-UDP
2026-02-22 09:22:16,INFO,traitement de la règle: FPS-NB_Session-Out-TCP-NoScope
2026-02-22 09:22:16,INFO,traitement de la règle: FPS-ICMP6-ERQ-In
2026-02-22 09:22:16,INFO,traitement de la règle: FPS-ICMP4-ERQ-Out-V2
2026-02-22 09:22:17,INFO,traitement de la règle: FPS-RPCSS-In-TCP-V2
2026-02-22 09:22:17,INFO,traitement de la règle: FPS-ICMP6-ERQ-In-NoScope
2026-02-22 09:22:17,INFO,traitement de la règle: FPS-NB_Name-Out-UDP
2026-02-22 09:22:18,INFO,traitement de la règle: FPS-NB_Datagram-In-UDP
2026-02-22 09:22:18,INFO,traitement de la règle: FPS-ICMP4-ERQ-In-NoScope
2026-02-22 09:22:18,INFO,traitement de la règle: FPS-LLMNR-In-UDP
2026-02-22 09:22:18,INFO,traitement de la règle: FPS-LLMNR-In-UDP_1
2026-02-22 09:22:19,INFO,traitement de la règle: FPS-LLMNR-Out-UDP
2026-02-22 09:22:19,INFO,traitement de la règle: FPS-LLMNR-Out-UDP_1
2026-02-22 09:22:19,INFO,traitement de la règle: FPS-ICMP6-ERQ-In-V2
2026-02-22 09:22:20,INFO,traitement de la règle: microsoft.windowscommunicationsapps_8wekyb3d8bbwe-Out-Allow-AllCapabilities
2026-02-22 09:22:20,INFO,traitement de la règle: microsoft.windowscommunicationsapps_8wekyb3d8bbwe-In-Allow-ServerCapability
2026-02-22 09:22:20,INFO,traitement de la règle: MicrosoftWindows.LKG.AccountsService_cw5n1h2txyewy-Out-Allow-AllCapabilities
2026-02-22 09:22:21,INFO,traitement de la règle: MicrosoftWindows.LKG.DesktopSpotlight_cw5n1h2txyewy-Out-Allow-AllCapabilities
2026-02-22 09:22:21,INFO,traitement de la règle: MicrosoftWindows.LKG.DesktopSpotlight_cw5n1h2txyewy-In-Allow-ServerCapability
2026-02-22 09:22:21,INFO,traitement de la règle: MicrosoftWindows.LKG.IrisService_cw5n1h2txyewy-Out-Allow-AllCapabilities
2026-02-22 09:22:22,INFO,traitement de la règle: MicrosoftWindows.LKG.RulesEngine_cw5n1h2txyewy-Out-Allow-AllCapabilities
2026-02-22 09:22:22,INFO,traitement de la règle: MicrosoftWindows.LKG.SpeechRuntime_cw5n1h2txyewy-Out-Allow-AllCapabilities
2026-02-22 09:22:22,INFO,traitement de la règle: {a3802660-1588-4a7e-82ed-a3bcaf09d3e1}
2026-02-22 09:22:22,INFO,traitement de la règle: AppUp.IntelOptaneMemoryandStorageManagement_8j3eq9eme6ctt-Out-Allow-AllCapabilities
2026-02-22 09:22:23,INFO,traitement de la règle: MicrosoftWindows.55182690.Taskbar_cw5n1h2txyewy-Out-Allow-AllCapabilities
2026-02-22 09:22:23,INFO,traitement de la règle: MicrosoftWindows.LKG.TwinSxS_cw5n1h2txyewy-Out-Allow-AllCapabilities
2026-02-22 09:22:23,INFO,traitement de la règle: {7C37B49F-6C04-4255-A060-61CACE50A67E}
2026-02-22 09:22:24,INFO,traitement de la règle: {D2BB07C1-9FA5-4F04-A35D-9D5C8B93F93F}
2026-02-22 09:22:24,INFO,traitement de la règle: {0043FFB0-520A-43EE-8506-469D40719C25}
2026-02-22 09:22:24,INFO,traitement de la règle: {0B8CC605-7DA4-4FE2-B134-CBEC96245B12}
2026-02-22 09:22:25,INFO,traitement de la règle: {AC77A8DB-C63D-4653-BFC3-A6BB97CCA852}
2026-02-22 09:22:25,INFO,traitement de la règle: {8A8AC1D8-E970-4469-BF7C-3DECECC2DA6F}
2026-02-22 09:22:25,INFO,traitement de la règle: {98A99C85-E912-482D-B515-9CB3407FBCB8}
2026-02-22 09:22:25,INFO,traitement de la règle: {096B4B1E-4BF7-4FB9-851E-4123E9BF1A6C}
2026-02-22 09:22:26,INFO,traitement de la règle: {E81997D4-012C-4A32-AD99-5E86BF06C288}
2026-02-22 09:22:26,INFO,traitement de la règle: {631D824D-5A35-4DDD-898A-BBC98D8A62D7}
2026-02-22 09:22:26,INFO,traitement de la règle: {715762AF-5F4D-4104-8C5A-9A7E19D28907}
2026-02-22 09:22:27,INFO,traitement de la règle: {AA9802A4-C852-48F4-9121-396C99EDBF5D}
2026-02-22 09:22:27,INFO,traitement de la règle: {2A7AB330-A2E8-40F2-B1E6-6684159744D7}
2026-02-22 09:22:27,INFO,traitement de la règle: {E11D804D-3FBD-4D9B-AE89-D27726351217}
2026-02-22 09:22:28,INFO,traitement de la règle: {509EA266-887C-43AA-B95F-4E2057DD7585}
2026-02-22 09:22:28,INFO,traitement de la règle: {03C8D949-FA9A-474F-98BB-01F956496A7E}
2026-02-22 09:22:28,INFO,traitement de la règle: Microsoft.LockApp_cw5n1h2txyewy-Out-Allow-AllCapabilities
2026-02-22 09:22:28,INFO,traitement de la règle: {136D45C5-8974-4A1C-AFBA-20188947BA84}
2026-02-22 09:22:29,INFO,traitement de la règle: {FC4E54F7-DA4C-45E9-A15C-8372F3BEEC6E}
2026-02-22 09:22:29,INFO,traitement de la règle: {FD955D01-FDEF-4C1E-8315-401579F1CD56}
2026-02-22 09:22:29,INFO,traitement de la règle: {D3813FF9-0D05-47BA-B3BB-36C62172AC0C}
2026-02-22 09:22:30,INFO,traitement de la règle: {B0C03727-9A32-4A94-9779-C84EEE9F9C02}
2026-02-22 09:22:30,INFO,traitement de la règle: {4694A79B-05F5-4109-8DAB-7AF37CCCF226}
2026-02-22 09:22:30,INFO,traitement de la règle: {1A670455-AF9B-4DC5-995D-58CA9634DDD9}
2026-02-22 09:22:30,INFO,traitement de la règle: {40637D64-0954-47C7-B124-EF92414DFBB1}
2026-02-22 09:22:31,INFO,traitement de la règle: {959E9F53-C42E-4B25-978D-B59FD2FEB577}
2026-02-22 09:22:31,INFO,traitement de la règle: {51A4B013-1D2A-4061-A7ED-AB614A31FA85}
2026-02-22 09:22:31,INFO,traitement de la règle: {42546F31-E74B-4F16-B439-FA07EF386588}
2026-02-22 09:22:32,INFO,traitement de la règle: {A04E336C-5536-498F-BFFE-ADBA6A0FF9EE}
2026-02-22 09:22:32,INFO,traitement de la règle: {E67DDE97-3C24-4E7D-B456-82B747B05CB6}
2026-02-22 09:22:32,INFO,traitement de la règle: {495B5127-FCAB-4221-97DD-CFB7A23C2B3A}
2026-02-22 09:22:33,INFO,traitement de la règle: {4C40102B-812B-4CC4-A7A8-4F820306B28C}
2026-02-22 09:22:33,INFO,traitement de la règle: {6FFC076A-7D9D-4ECF-A156-7E6C520F5625}
2026-02-22 09:22:33,INFO,traitement de la règle: {54191FF1-9689-4187-B240-0A04FCBBFD71}
2026-02-22 09:22:33,INFO,traitement de la règle: {BC0241EB-AF6E-49DB-B603-ACE62A388AAE}
2026-02-22 09:22:34,INFO,traitement de la règle: {22A35818-3D4C-4AF0-AD2E-C22DF27F5056}
2026-02-22 09:22:34,INFO,traitement de la règle: {77FAA151-1493-41D7-B88C-B9B7B802D33D}
2026-02-22 09:22:34,INFO,traitement de la règle: {113CF5D7-752A-4147-A61D-4EBF6D728E02}
2026-02-22 09:22:35,INFO,traitement de la règle: {B8E04242-8068-45C8-8DBA-2ED0A07B4B02}
2026-02-22 09:22:35,INFO,traitement de la règle: {C9BF1453-2A2B-4811-81FF-90566993751F}
2026-02-22 09:22:35,INFO,traitement de la règle: {4B215815-6E79-4486-B2AE-09BE1E96E396}
2026-02-22 09:22:35,INFO,traitement de la règle: {A487B8BE-B8C4-43B3-888D-9181C9F89258}
2026-02-22 09:22:36,INFO,traitement de la règle: {4452FDC8-E909-48C0-B0BC-46790FFBA4D1}
2026-02-22 09:22:36,INFO,traitement de la règle: {AC59876B-5B00-489E-B25C-BA51323D9241}
2026-02-22 09:22:36,INFO,traitement de la règle: {8095576E-0EBB-4C33-A6EA-7B757314FA05}
2026-02-22 09:22:37,INFO,traitement de la règle: {6BA92C92-CB0C-40C6-AECC-A99DC7B9DAAD}
2026-02-22 09:22:37,INFO,traitement de la règle: {F77E9E50-12E7-49CB-BE6F-C77679F20975}
2026-02-22 09:22:37,INFO,traitement de la règle: {945F2F79-3479-4522-A255-14291A2FF379}
2026-02-22 09:22:37,INFO,traitement de la règle: {B6AA0A3E-D8DE-4867-846F-A58AB02C5B4C}
2026-02-22 09:22:38,INFO,traitement de la règle: {AF04189F-D2A8-47D3-9DBD-34D000DA55EA}
2026-02-22 09:22:38,INFO,traitement de la règle: {922BFD34-BFA2-43A4-A6E6-32204E92C1BB}
2026-02-22 09:22:38,INFO,traitement de la règle: Microsoft.Windows.StartMenuExperienceHost_cw5n1h2txyewy-Out-Allow-AllCapabilities
2026-02-22 09:22:39,INFO,traitement de la règle: Microsoft.Windows.StartMenuExperienceHost_cw5n1h2txyewy-In-Allow-ServerCapability
2026-02-22 09:22:39,INFO,traitement de la règle: MicrosoftWindows.56978801.Voiess_cw5n1h2txyewy-Out-Allow-AllCapabilities
2026-02-22 09:22:39,INFO,traitement de la règle: MicrosoftWindows.57058570.Speion_cw5n1h2txyewy-Out-Allow-AllCapabilities
2026-02-22 09:22:40,INFO,traitement de la règle: MicrosoftWindows.57074904.InpApp_cw5n1h2txyewy-Out-Allow-AllCapabilities
2026-02-22 09:22:40,INFO,traitement de la règle: MicrosoftWindows.57074914.Livtop_cw5n1h2txyewy-Out-Allow-AllCapabilities
2026-02-22 09:22:40,INFO,traitement de la règle: MicrosoftWindows.Client.FileExp_cw5n1h2txyewy-Out-Allow-AllCapabilities
2026-02-22 09:22:41,INFO,traitement de la règle: MicrosoftWindows.Client.Photon_cw5n1h2txyewy-Out-Allow-AllCapabilities
2026-02-22 09:22:41,INFO,traitement de la règle: MicrosoftWindows.Client.Photon_cw5n1h2txyewy-In-Allow-ServerCapability
2026-02-22 09:22:41,INFO,traitement de la règle: {04775AA1-5BBA-49D0-9502-28615C51655B}
2026-02-22 09:22:41,INFO,traitement de la règle: {586737AE-940B-4FB3-BAF3-AE5B18E6EE24}
2026-02-22 09:22:42,INFO,traitement de la règle: {BCAA5684-F379-4B5B-B448-7106E0A6E926}
2026-02-22 09:22:42,INFO,traitement de la règle: {7258A066-ED5C-47A0-93C5-6B7A1B30709C}
2026-02-22 09:22:42,INFO,traitement de la règle: {86CA7BA2-76FB-4351-B222-318D66A22179}
2026-02-22 09:22:43,INFO,traitement de la règle: {868317CD-0981-4D50-8EAA-504DCA193558}
2026-02-22 09:22:43,INFO,traitement de la règle: {EBE01D88-DA29-46F7-BC4F-5BC1EE7F3C5A}
2026-02-22 09:22:43,INFO,traitement de la règle: {B5470B63-D950-45CB-977F-5632E42D3483}
2026-02-22 09:22:43,INFO,traitement de la règle: {117E7257-BABB-4F1D-AC40-1FFD1BFA4B37}
2026-02-22 09:22:44,INFO,traitement de la règle: {6554A2FF-1E94-4D6F-8506-B7D8E931E669}
2026-02-22 09:22:44,INFO,traitement de la règle: {9833C8A8-E08C-438F-A16B-292A2D245128}
2026-02-22 09:22:44,INFO,traitement de la règle: {CC9D6AB5-6B71-4E28-AA50-2A0F781AF56C}
2026-02-22 09:22:45,INFO,traitement de la règle: {79BC6847-5082-4360-AA9E-4C2CD27F057F}
2026-02-22 09:22:45,INFO,traitement de la règle: {4A0D4B31-DBE0-4B81-9A40-F85347E6C26F}
2026-02-22 09:22:45,INFO,traitement de la règle: {B57FE2CF-5FFE-4D4C-8F6E-997F04828426}
2026-02-22 09:22:46,INFO,traitement de la règle: {4758B35F-EA66-4479-9AE5-9DE95217E34C}
2026-02-22 09:22:46,INFO,traitement de la règle: {D6826F17-EC42-40BB-9C77-038E70F3AF1F}
2026-02-22 09:22:46,INFO,traitement de la règle: {E7A2C40D-C6BC-4037-A00E-E2A918913671}
2026-02-22 09:22:46,INFO,traitement de la règle: {0004D328-A78B-433C-BF64-183F4602CABB}
2026-02-22 09:22:47,INFO,traitement de la règle: {0A3C8DE0-A98D-4014-BE0D-30925DFBE61F}
2026-02-22 09:22:47,INFO,traitement de la règle: {551E5DD2-DE5E-4D48-9DC0-5B1D8BAD051D}
2026-02-22 09:22:47,INFO,traitement de la règle: {412D1283-A669-4540-91E6-3BCD38ED77D0}
2026-02-22 09:22:48,INFO,traitement de la règle: {4D07E832-8732-4167-8E7F-646706AE7F99}
2026-02-22 09:22:48,INFO,traitement de la règle: {59EC363F-C66C-4AD8-8DE6-C18B9E90D916}
2026-02-22 09:22:48,INFO,traitement de la règle: {81A7179C-3458-425C-91DF-C6D8029C7823}
2026-02-22 09:22:48,INFO,traitement de la règle: {F04BFD69-6260-44D9-999D-4308C6D1A540}
2026-02-22 09:22:49,INFO,traitement de la règle: {7B47224F-E20D-40CF-A6D5-F45E925CE1E5}
2026-02-22 09:22:49,INFO,traitement de la règle: {EAFD2F82-7ABA-4724-9BBA-0F5C0B33382E}
2026-02-22 09:22:49,INFO,traitement de la règle: {AEDC24DA-384F-4BA6-BDB4-023B164EA0E1}
2026-02-22 09:22:50,INFO,traitement de la règle: {9C32B944-15C0-4781-A6D4-735D5B13E297}
2026-02-22 09:22:50,INFO,traitement de la règle: {01C301E5-F226-4EEE-9588-51AFAAD42ADB}
2026-02-22 09:22:50,INFO,traitement de la règle: {DA39BEB6-C7AE-4B2D-972C-17DAEEEC992D}
2026-02-22 09:22:50,INFO,traitement de la règle: {1C269A4E-0FC2-4D95-82C5-2DD39D8B6C61}
2026-02-22 09:22:51,INFO,traitement de la règle: {862193B7-2094-4F2B-B19F-D683EE3F3EE8}
2026-02-22 09:22:51,INFO,traitement de la règle: {8202ACDA-B420-4DC6-88F1-60BE713D326E}
2026-02-22 09:22:51,INFO,traitement de la règle: {2C4C8816-5DCC-4E49-8774-8229D7FD0B84}
2026-02-22 09:22:52,INFO,traitement de la règle: {B4B69FA1-BD2A-48FD-880C-B9851DFD86CC}
2026-02-22 09:22:52,INFO,traitement de la règle: {C1E6F7D4-236A-484B-BCD7-1BAD0FA20980}
2026-02-22 09:22:52,INFO,traitement de la règle: {802A1827-D04E-4C11-A05A-ED1BDC90FBF0}
2026-02-22 09:22:53,INFO,traitement de la règle: {33C304D1-F959-4E11-B528-44D21202CADD}
2026-02-22 09:22:53,INFO,traitement de la règle: {84608F1C-7B62-4BBE-BE98-8A1C276B197C}
2026-02-22 09:22:53,INFO,traitement de la règle: {4BC17884-D2A4-44B7-9E1C-07DE1A507291}
2026-02-22 09:22:53,INFO,traitement de la règle: {32DFD7A2-165B-4EF3-8316-875E49C7C307}
2026-02-22 09:22:54,INFO,traitement de la règle: {A67DAE4F-8DE7-4416-BED4-E07147503AE3}
2026-02-22 09:22:54,INFO,traitement de la règle: Microsoft.Edge.GameAssist_8wekyb3d8bbwe-Out-Allow-AllCapabilities
2026-02-22 09:22:54,INFO,traitement de la règle: {0CBEE0FB-C294-4B28-8AD5-8DDDC74EB052}
2026-02-22 09:22:55,INFO,traitement de la règle: {DE0378E9-87EC-441E-ABD0-BE2DEA608B00}
2026-02-22 09:22:55,INFO,traitement de la règle: {95882936-01A3-4BEC-B7E4-6F855BE612A1}
2026-02-22 09:22:55,INFO,traitement de la règle: {A07AA45D-9C85-44AC-BAD8-D92D08935EAC}
2026-02-22 09:22:55,INFO,traitement de la règle: {DE38E9AD-28F5-4F12-9B88-5DDB7930CA9B}
2026-02-22 09:22:56,INFO,traitement de la règle: {FC90D67A-A8D9-49CB-A4A8-B6A88E44EFCA}
2026-02-22 09:22:56,INFO,traitement de la règle: {3476941D-92B1-4216-A231-8EA2D45B5C97}
2026-02-22 09:22:56,INFO,traitement de la règle: {6C4C6622-C137-4122-A8C5-606CC7B0B8ED}
2026-02-22 09:22:57,INFO,traitement de la règle: {FAD530B2-2E5F-4C49-9F45-DA9545F9828B}
2026-02-22 09:22:57,INFO,traitement de la règle: {232ED4CE-965A-4E10-B50D-F1C0FD29FB61}
2026-02-22 09:22:57,INFO,traitement de la règle: Microsoft.PowerShell_8wekyb3d8bbwe-Out-Allow-AllCapabilities
2026-02-22 09:22:58,INFO,traitement de la règle: Microsoft.XboxIdentityProvider_8wekyb3d8bbwe-Out-Allow-AllCapabilities
2026-02-22 09:22:58,INFO,traitement de la règle: {3161E89E-777A-4882-87D4-A7D8469224EF}
2026-02-22 09:22:58,INFO,traitement de la règle: {2CCFCE4E-4484-40FB-A61B-80A5508275E7}
2026-02-22 09:22:58,INFO,traitement de la règle: {EB9E86CE-6BA6-47DF-8109-8747B51344D5}
2026-02-22 09:22:59,INFO,traitement de la règle: {602EAABD-74DB-45CD-8E6B-55008CC0996C}
2026-02-22 09:22:59,INFO,traitement de la règle: {E0A6A3F5-1ADB-4C33-B062-D162DE116BDA}
2026-02-22 09:22:59,INFO,traitement de la règle: {D10163F3-2C9C-4E3C-949B-2B7C1B6012A2}
2026-02-22 09:23:00,INFO,traitement de la règle: {C4F79C31-8953-4010-AECA-D148C5A655A8}
2026-02-22 09:23:00,INFO,traitement de la règle: {66F4CD57-BA00-400D-93BD-2C6EA144BB87}
2026-02-22 09:23:00,INFO,traitement de la règle: {2C3C7E8C-DED5-4902-B97D-9940F2C84BFD}
2026-02-22 09:23:00,INFO,traitement de la règle: {6F02DECB-A829-42C0-8C66-A07E360FD06D}
2026-02-22 09:23:01,INFO,traitement de la règle: {AB1B66F3-D7F5-4139-B428-87411072F476}
2026-02-22 09:23:01,INFO,traitement de la règle: {7520F504-94CC-4881-A84D-4E184FF91963}
2026-02-22 09:23:01,INFO,traitement de la règle: {4E757BAE-ED22-48FC-83CA-31DF4CE761DA}
2026-02-22 09:23:02,INFO,traitement de la règle: {936C2A77-333E-468F-BD9C-49B4A681943E}
2026-02-22 09:23:02,INFO,traitement de la règle: {F9E76908-7FE2-40AD-B21D-B588FFAC810E}
2026-02-22 09:23:02,INFO,traitement de la règle: {4CC53D1F-C361-46B5-89A4-D971A96C0451}
2026-02-22 09:23:03,INFO,traitement de la règle: {2613CD47-5F7C-4871-893A-3BBD434BA772}
2026-02-22 09:23:03,INFO,traitement de la règle: NVIDIACorp.NVIDIAControlPanel_56jybvy8sckqj-Out-Allow-AllCapabilities
2026-02-22 09:23:03,INFO,traitement de la règle: {0335F0C6-F832-4367-9583-80B76ADEB708}
2026-02-22 09:23:03,INFO,traitement de la règle: {5E91D76E-C7AB-416E-BA27-E407280AE7D2}
2026-02-22 09:23:04,INFO,traitement de la règle: MicrosoftWindows.54792954.Filons_cw5n1h2txyewy-Out-Allow-AllCapabilities
2026-02-22 09:23:04,INFO,traitement de la règle: MicrosoftWindows.58680125.Speion_cw5n1h2txyewy-Out-Allow-AllCapabilities
2026-02-22 09:23:04,INFO,traitement de la règle: MicrosoftWindows.58681517.Voiess_cw5n1h2txyewy-Out-Allow-AllCapabilities
2026-02-22 09:23:05,INFO,traitement de la règle: MicrosoftWindows.58681560.Livtop_cw5n1h2txyewy-Out-Allow-AllCapabilities
2026-02-22 09:23:05,INFO,traitement de la règle: MicrosoftWindows.58683691.InpApp_cw5n1h2txyewy-Out-Allow-AllCapabilities
2026-02-22 09:23:05,INFO,traitement de la règle: {26994625-37E4-4857-B788-E222EBC84179}
2026-02-22 09:23:06,INFO,traitement de la règle: {BE707B46-F098-42AB-B6AD-BC06A316594E}
2026-02-22 09:23:06,INFO,traitement de la règle: {6A97EA3A-216B-4A7D-899E-E6CD157D8226}
2026-02-22 09:23:06,INFO,traitement de la règle: Microsoft.WindowsCamera_8wekyb3d8bbwe-Out-Allow-AllCapabilities
2026-02-22 09:23:07,INFO,traitement de la règle: Microsoft.WindowsCamera_8wekyb3d8bbwe-In-Allow-ServerCapability
2026-02-22 09:23:07,INFO,traitement de la règle: {BF763EB7-28B0-4596-B0C9-2380C33CAA5D}
2026-02-22 09:23:07,INFO,traitement de la règle: {39F5A593-B9E6-4540-8CE4-387879720E37}
2026-02-22 09:23:07,INFO,traitement de la règle: {5D53CE64-29F2-47D9-A9E3-94D861255232}
2026-02-22 09:23:08,INFO,traitement de la règle: {3174EF4C-3C22-4DFC-A4ED-4CC350EDBFF1}
2026-02-22 09:23:08,INFO,traitement de la règle: {2F90767C-14AD-41BD-ABDF-0F819FED56F8}
2026-02-22 09:23:08,INFO,traitement de la règle: {F198C153-8F6C-4857-87FF-B6CE91C0E63F}
2026-02-22 09:23:09,INFO,traitement de la règle: {9BA2B760-B837-4799-94A4-D60AB2A529A3}
2026-02-22 09:23:09,INFO,traitement de la règle: {A2CE6DC4-BE35-400E-880F-CB19FCAB9445}
2026-02-22 09:23:09,INFO,traitement de la règle: {6C34B786-A1E9-4815-A10C-D42C1A527162}
2026-02-22 09:23:09,INFO,traitement de la règle: {4E42DA1A-8C01-44C4-A6AE-EFC47ED3977C}
2026-02-22 09:23:10,INFO,traitement de la règle: {49B43A3A-EF5B-4066-9216-C2E3B1B87233}
2026-02-22 09:23:10,INFO,traitement de la règle: {561ECB79-8001-45CA-9D44-D5649BA211B5}
2026-02-22 09:23:10,INFO,traitement de la règle: {C4572087-DB20-4C94-BE51-D6C638EC4B62}
2026-02-22 09:23:11,INFO,traitement de la règle: {37AED2C2-6F2A-43FD-9AE6-92A827CD7319}
2026-02-22 09:23:11,INFO,traitement de la règle: {AD416EB2-9478-45AA-B57A-24C79DB0684D}
2026-02-22 09:23:11,INFO,traitement de la règle: {D4669E4C-A54E-4E57-A1C3-BD941D425D9B}
2026-02-22 09:23:12,INFO,traitement de la règle: Microsoft.Windows.OOBENetworkCaptivePortal_cw5n1h2txyewy-Out-Allow-AllCapabilities
2026-02-22 09:23:12,INFO,traitement de la règle: VIRT-HVRHTTPSL-In-TCP-NoScope
2026-02-22 09:23:12,INFO,traitement de la règle: VIRTCL-WMI-RPCSS-In-TCP-NoScope
2026-02-22 09:23:12,INFO,traitement de la règle: VIRTCL-WMI-WINMGMT-In-TCP-NoScope
2026-02-22 09:23:13,INFO,traitement de la règle: VIRTCL-WMI-ASYNC-In-TCP-NoScope
2026-02-22 09:23:13,INFO,traitement de la règle: VIRT-WMI-WINMGMT-In-TCP-NoScope
2026-02-22 09:23:13,INFO,traitement de la règle: VIRT-WMI-ASYNC-In-TCP-NoScope
2026-02-22 09:23:14,INFO,traitement de la règle: VIRT-REMOTEDESKTOP-In-TCP-NoScope
2026-02-22 09:23:14,INFO,traitement de la règle: VIRT-WMI-WINMGMT-Out-TCP-NoScope
2026-02-22 09:23:14,INFO,traitement de la règle: VIRTCL-WMI-WINMGMT-Out-TCP-NoScope
2026-02-22 09:23:14,INFO,traitement de la règle: VIRT-MIGL-In-TCP-NoScope
2026-02-22 09:23:15,INFO,traitement de la règle: VIRT-WMI-RPCSS-In-TCP-NoScope
2026-02-22 09:23:15,INFO,traitement de la règle: VIRT-VMMS-RPC-EPMAP-In-NoScope
2026-02-22 09:23:15,INFO,traitement de la règle: VIRT-VMMS-RPC-In-NoScope
2026-02-22 09:23:16,INFO,traitement de la règle: VIRT-HVRHTTPL-In-TCP-NoScope
2026-02-22 09:23:16,INFO,traitement de la règle: Microsoft.WindowsCalculator_8wekyb3d8bbwe-Out-Allow-AllCapabilities
2026-02-22 09:23:16,INFO,traitement de la règle: Microsoft.Windows.ShellExperienceHost_cw5n1h2txyewy-Out-Allow-AllCapabilities
2026-02-22 09:23:17,INFO,traitement de la règle: Microsoft.Windows.ShellExperienceHost_cw5n1h2txyewy-In-Allow-ServerCapability
2026-02-22 09:23:17,INFO,traitement de la règle: {946029F8-3E53-4FD8-91B5-D22694587795}
2026-02-22 09:23:17,INFO,traitement de la règle: {7B74AC3D-E765-4021-BE38-7995A2E3ABF6}
2026-02-22 09:23:17,INFO,traitement de la règle: {1E72B9D2-0C51-439F-B44A-7C53FD912622}
2026-02-22 09:23:18,INFO,traitement de la règle: {14AC6CD4-96D8-43D2-A7A0-10A60E96CF80}
2026-02-22 09:23:18,INFO,traitement de la règle: {0C143EC7-9EFC-4A36-85F8-90865CD9E247}
2026-02-22 09:23:18,INFO,traitement de la règle: {DC10381F-8A58-472F-9225-88C439E8DC53}
2026-02-22 09:23:19,INFO,traitement de la règle: {7687C579-C78A-4E87-9316-D0378CB9D90B}
2026-02-22 09:23:19,INFO,traitement de la règle: {B1C97499-4B4C-49C6-8E14-23F44789CA27}
2026-02-22 09:23:19,INFO,traitement de la règle: {C7C630D3-CFB7-4CEF-8EAF-9A038019C31C}
2026-02-22 09:23:19,INFO,traitement de la règle: {AEC33FBB-24DF-4FF9-8815-F2C556751EF3}
2026-02-22 09:23:20,INFO,traitement de la règle: {3F101998-E0F1-4E7A-8E50-93D484D71751}
2026-02-22 09:23:20,INFO,traitement de la règle: Microsoft.6365217CE6EB4_8wekyb3d8bbwe-Out-Allow-AllCapabilities
2026-02-22 09:23:20,INFO,traitement de la règle: Microsoft.6365217CE6EB4_8wekyb3d8bbwe-In-Allow-ServerCapability
2026-02-22 09:23:21,INFO,traitement de la règle: Microsoft.GetHelp_8wekyb3d8bbwe-Out-Allow-AllCapabilities
2026-02-22 09:23:21,INFO,traitement de la règle: Microsoft.GamingServices_8wekyb3d8bbwe-Out-Allow-AllCapabilities
2026-02-22 09:23:21,INFO,traitement de la règle: Microsoft.WindowsFeedbackHub_8wekyb3d8bbwe-Out-Allow-AllCapabilities
2026-02-22 09:23:22,INFO,traitement de la règle: Microsoft.WindowsFeedbackHub_8wekyb3d8bbwe-In-Allow-ServerCapability
2026-02-22 09:23:22,INFO,traitement de la règle: {968C745A-4942-435A-8FD2-1A030BE3457A}
2026-02-22 09:23:22,INFO,traitement de la règle: {48273F19-7DE2-4998-862B-302642C0B867}
2026-02-22 09:23:22,INFO,traitement de la règle: {A2F55FFC-DAE0-47C1-99DF-A6BECF6D1BBC}
2026-02-22 09:23:23,INFO,traitement de la règle: {F450623B-FC3A-4E30-B72D-D33C94C8786F}
2026-02-22 09:23:23,INFO,traitement de la règle: {AB9F76DB-0639-4B10-A804-1C30A6D6DAE4}
2026-02-22 09:23:23,INFO,traitement de la règle: TCP Query User{E8BA4862-28D7-423D-9D54-33ACA09ACF1B}C:\program files\mozilla firefox\firefox.exe
2026-02-22 09:23:24,INFO,traitement de la règle: UDP Query User{0922F392-482B-4294-A951-C686CFE83AFC}C:\program files\mozilla firefox\firefox.exe
2026-02-22 09:23:24,INFO,traitement de la règle: {3895C7BD-C2FE-4099-A5C7-D32AF58991AE}
2026-02-22 09:23:24,INFO,traitement de la règle: {F08630CB-82A0-474D-8F57-0CFD211C40F1}
2026-02-22 09:23:24,INFO,traitement de la règle: {E738541A-CF47-4734-98C8-B0A9BCE36023}
2026-02-22 09:23:25,INFO,traitement de la règle: Microsoft.WindowsTerminal_8wekyb3d8bbwe-Out-Allow-AllCapabilities
2026-02-22 09:23:25,INFO,traitement de la règle: {EE7ECC0E-F999-4635-A26F-C10E94086121}
2026-02-22 09:23:25,INFO,traitement de la règle: {5B555B69-D514-4325-BD59-72845C5DF7C3}
2026-02-22 09:23:26,INFO,traitement de la règle: {11ACFB52-3067-4B93-9E5D-E226717C841B}
2026-02-22 09:23:26,INFO,traitement de la règle: {BDD3E4C6-8400-4A1A-94BE-B86E4D6ABFE6}
2026-02-22 09:23:26,INFO,traitement de la règle: {7DB278D7-F477-4C53-A217-C6CC4B2C7AF6}
2026-02-22 09:23:26,INFO,traitement de la règle: {51B3D698-1529-4B1E-8591-75548B407467}
2026-02-22 09:23:27,INFO,traitement de la règle: {BF1833F7-FD02-457C-8026-BFC888156C4D}
2026-02-22 09:23:27,INFO,traitement de la règle: {C7CEB641-B3E7-462C-97D9-DD937E9FA4D1}
2026-02-22 09:23:27,INFO,traitement de la règle: {B938FEA0-E83D-40E4-AC96-AC180C2EDAA1}
2026-02-22 09:23:28,INFO,traitement de la règle: {8D71B014-1463-467B-90B3-7A6BAA1043C4}
2026-02-22 09:23:28,INFO,traitement de la règle: {3C2B6176-A8FB-4CA9-852B-483C3CF32E49}
2026-02-22 09:23:28,INFO,traitement de la règle: {3CFD597A-CC71-470F-B534-676323DACDEB}
2026-02-22 09:23:28,INFO,traitement de la règle: {DED6079D-30AA-4D6C-9B39-188E2A79FEEF}
2026-02-22 09:23:29,INFO,traitement de la règle: {9822DF0A-5095-496B-A69D-1A001670695B}
2026-02-22 09:23:29,INFO,traitement de la règle: {1C68C0A7-AB0D-43C5-9377-F13BCF3FCD6A}
2026-02-22 09:23:29,INFO,traitement de la règle: {E9A66DAD-5AD8-4B4B-B845-F3E223B76913}
2026-02-22 09:23:30,INFO,traitement de la règle: Microsoft.LockApp_cw5n1h2txyewyS-1-5-18-Out-Allow-AllCapabilities
2026-02-22 09:23:30,INFO,traitement de la règle: MicrosoftWindows.Client.CBS_cw5n1h2txyewyS-1-5-18-Out-Allow-AllCapabilities
2026-02-22 09:23:30,INFO,traitement de la règle: MicrosoftWindows.Client.CBS_cw5n1h2txyewyS-1-5-18-In-Allow-ServerCapability
2026-02-22 09:23:31,INFO,traitement de la règle: MicrosoftWindows.Client.Core_cw5n1h2txyewyS-1-5-18-Out-Allow-AllCapabilities
2026-02-22 09:23:31,INFO,traitement de la règle: MicrosoftWindows.Client.Core_cw5n1h2txyewyS-1-5-18-In-Allow-ServerCapability
2026-02-22 09:23:31,INFO,traitement de la règle: MicrosoftWindows.Client.OOBE_cw5n1h2txyewyS-1-5-18-Out-Allow-AllCapabilities
2026-02-22 09:23:31,INFO,traitement de la règle: MicrosoftWindows.Client.OOBE_cw5n1h2txyewyS-1-5-18-In-Allow-ServerCapability
2026-02-22 09:23:32,INFO,traitement de la règle: RemoteDesktop-UserMode-In-TCP
2026-02-22 09:23:32,INFO,traitement de la règle: RemoteDesktop-UserMode-In-UDP
2026-02-22 09:23:32,INFO,traitement de la règle: RemoteDesktop-Shadow-In-TCP
2026-02-22 09:23:33,INFO,traitement de la règle: RemoteDesktop-In-TCP-WSS
2026-02-22 09:23:33,INFO,traitement de la règle: Microsoft.StorePurchaseApp_8wekyb3d8bbweS-1-5-21-349234613-936635038-205130404-1001-Out-Allow-AllCapabilities
2026-02-22 09:23:33,INFO,traitement de la règle: Microsoft.StorePurchaseApp_8wekyb3d8bbweS-1-5-21-349234613-936635038-205130404-1001-In-Allow-ServerCapability
2026-02-22 09:23:34,INFO,traitement de la règle: Microsoft.WindowsAlarms_8wekyb3d8bbweS-1-5-21-349234613-936635038-205130404-1001-Out-Allow-AllCapabilities
2026-02-22 09:23:34,INFO,traitement de la règle: Microsoft.WindowsAlarms_8wekyb3d8bbweS-1-5-21-349234613-936635038-205130404-1001-In-Allow-ServerCapability
2026-02-22 09:23:34,INFO,traitement de la règle: AppleInc.iCloud_nzyj5cx40ttqaS-1-5-21-349234613-936635038-205130404-1001-Out-Allow-AllCapabilities
2026-02-22 09:23:34,INFO,traitement de la règle: Microsoft.WindowsStore_8wekyb3d8bbweS-1-5-21-349234613-936635038-205130404-1001-Out-Allow-AllCapabilities
2026-02-22 09:23:35,INFO,traitement de la règle: Microsoft.WindowsStore_8wekyb3d8bbweS-1-5-21-349234613-936635038-205130404-1001-In-Allow-ServerCapability
2026-02-22 09:23:35,INFO,traitement de la règle: MicrosoftWindows.Client.WebExperience_cw5n1h2txyewyS-1-5-21-349234613-936635038-205130404-1001-Out-Allow-AllCapabilities
2026-02-22 09:23:35,INFO,traitement de la règle: B9ECED6F.ArmouryCrate_qmba6cd70vzyyS-1-5-21-349234613-936635038-205130404-1001-Out-Allow-AllCapabilities
2026-02-22 09:23:36,INFO,traitement de la règle: B9ECED6F.ArmouryCrate_qmba6cd70vzyyS-1-5-21-349234613-936635038-205130404-1001-In-Allow-ServerCapability
2026-02-22 09:23:36,INFO,traitement de la règle: {14F352C3-9E84-4E93-B0FA-993B704924DE}
2026-02-22 09:23:36,INFO,traitement de la règle: {F286A28B-C574-4F58-921F-2AB555F32777}
2026-02-22 09:23:37,INFO,traitement de la règle: {6A1E1EEF-F721-417E-AFD1-F79654BED265}
2026-02-22 09:23:37,INFO,traitement de la règle: {0023A64C-4E87-4F3B-922E-5F73899F651D}
2026-02-22 09:23:37,INFO,traitement de la règle: {54C68596-043C-49E7-9BE1-F7D4579DBA56}
2026-02-22 09:23:37,INFO,traitement de la règle: {81C5A9EC-C854-437B-9765-77FA00F9FA22}
2026-02-22 09:23:38,INFO,traitement de la règle: Clipchamp.Clipchamp_yxz26nhyzhsrtS-1-5-21-349234613-936635038-205130404-1001-Out-Allow-AllCapabilities
2026-02-22 09:23:38,INFO,traitement de la règle: {038C19CE-593A-40D3-8A4C-6683C5FCEFEA}
2026-02-22 09:23:38,INFO,traitement de la règle: Microsoft.Todos_8wekyb3d8bbweS-1-5-21-349234613-936635038-205130404-1001-Out-Allow-AllCapabilities
2026-02-22 09:23:39,INFO,traitement de la règle: Microsoft.Todos_8wekyb3d8bbweS-1-5-21-349234613-936635038-205130404-1001-In-Allow-ServerCapability
2026-02-22 09:23:39,INFO,traitement de la règle: DTSInc.DTSSoundUnbound_t5j2fzbtdg37rS-1-5-21-349234613-936635038-205130404-1001-Out-Allow-AllCapabilities
2026-02-22 09:23:39,INFO,traitement de la règle: DTSInc.DTSSoundUnbound_t5j2fzbtdg37rS-1-5-21-349234613-936635038-205130404-1001-In-Allow-ServerCapability
2026-02-22 09:23:40,INFO,traitement de la règle: MicrosoftWindows.57242383.Tasbar_cw5n1h2txyewyS-1-5-18-Out-Allow-AllCapabilities
2026-02-22 09:23:40,INFO,traitement de la règle: MicrosoftWindows.59336768.Speion_cw5n1h2txyewyS-1-5-18-Out-Allow-AllCapabilities
2026-02-22 09:23:40,INFO,traitement de la règle: MicrosoftWindows.59337133.Voiess_cw5n1h2txyewyS-1-5-18-Out-Allow-AllCapabilities
2026-02-22 09:23:40,INFO,traitement de la règle: MicrosoftWindows.59337145.Livtop_cw5n1h2txyewyS-1-5-18-Out-Allow-AllCapabilities
2026-02-22 09:23:41,INFO,traitement de la règle: MicrosoftWindows.59379618.InpApp_cw5n1h2txyewyS-1-5-18-Out-Allow-AllCapabilities
2026-02-22 09:23:41,INFO,traitement de la règle: MicrosoftWindows.Client.CoreAI_cw5n1h2txyewyS-1-5-18-Out-Allow-AllCapabilities
2026-02-22 09:23:41,INFO,traitement de la règle: Microsoft.SecHealthUI_8wekyb3d8bbweS-1-5-21-349234613-936635038-205130404-1001-Out-Allow-AllCapabilities
2026-02-22 09:23:42,INFO,traitement de la règle: Microsoft.SecHealthUI_8wekyb3d8bbweS-1-5-21-349234613-936635038-205130404-1001-In-Allow-ServerCapability
2026-02-22 09:23:42,INFO,traitement de la règle: Microsoft.DesktopAppInstaller_8wekyb3d8bbweS-1-5-21-349234613-936635038-205130404-1001-Out-Allow-AllCapabilities
2026-02-22 09:23:42,INFO,traitement de la règle: Microsoft.DesktopAppInstaller_8wekyb3d8bbweS-1-5-21-349234613-936635038-205130404-1001-In-Allow-ServerCapability
2026-02-22 09:23:43,INFO,traitement de la règle: {5474A476-74AC-4250-866E-546DA8CB044F}
2026-02-22 09:23:43,INFO,traitement de la règle: {A0AA339E-FF12-42BC-8539-1A301330BE62}
2026-02-22 09:23:43,INFO,traitement de la règle: {720B4B05-0430-434F-8937-916A34D3E630}
2026-02-22 09:23:44,INFO,traitement de la règle: {02B7FBCD-F467-438E-AB76-3F2382288668}
2026-02-22 09:23:44,INFO,traitement de la règle: {906BB9C8-550D-473E-A222-FCF0AD579E48}
2026-02-22 09:23:44,INFO,traitement de la règle: {7467691C-BA90-488E-B20F-453A18306F1C}
2026-02-22 09:23:44,INFO,traitement de la règle: {4CD52245-E059-49E0-9A7E-79A8C0539106}
2026-02-22 09:23:45,INFO,traitement de la règle: {6ECEA8BE-5C02-4EE9-B6F6-0F523F830A3E}
2026-02-22 09:23:45,INFO,traitement de la règle: MSTeams_8wekyb3d8bbweS-1-5-21-349234613-936635038-205130404-1001-Out-Allow-AllCapabilities
2026-02-22 09:23:45,INFO,traitement de la règle: MSTeams_8wekyb3d8bbweS-1-5-21-349234613-936635038-205130404-1001-In-Allow-ServerCapability
2026-02-22 09:23:46,INFO,traitement de la règle: TCP Query User{00874524-277A-4397-8186-96D79ED11210}C:\users\olivier\appdata\local\programs\microsoft vs code\code.exe
2026-02-22 09:23:46,INFO,traitement de la règle: UDP Query User{1EFB5C2F-394B-4018-A232-E4E87156B821}C:\users\olivier\appdata\local\programs\microsoft vs code\code.exe
2026-02-22 09:23:46,INFO,traitement de la règle: Microsoft.BingWeather_8wekyb3d8bbweS-1-5-21-349234613-936635038-205130404-1001-Out-Allow-AllCapabilities
2026-02-22 09:23:46,INFO,traitement de la règle: Microsoft.BingWeather_8wekyb3d8bbweS-1-5-21-349234613-936635038-205130404-1001-In-Allow-ServerCapability
2026-02-22 09:23:47,INFO,traitement de la règle: VioletHansen.AppControlManager_ea7andspwdn10S-1-5-21-349234613-936635038-205130404-1001-Out-Allow-AllCapabilities
2026-02-22 09:23:47,INFO,traitement de la règle: Microsoft.Whiteboard_8wekyb3d8bbweS-1-5-21-349234613-936635038-205130404-1001-Out-Allow-AllCapabilities
2026-02-22 09:23:47,INFO,traitement de la règle: {289DDAE8-1B55-475C-B726-93BCFA262C95}
2026-02-22 09:23:48,INFO,traitement de la règle: {BAE313AD-87B1-4FF2-BA02-B9DCE4679FF1}
2026-02-22 09:23:48,INFO,traitement de la règle: VioletHansen.HardenSystemSecurity_ea7andspwdn10S-1-5-21-349234613-936635038-205130404-1001-Out-Allow-AllCapabilities
2026-02-22 09:23:48,INFO,traitement de la règle: {892C8EC3-6CAB-40BD-9F90-F681D0B69A1F}
2026-02-22 09:23:49,INFO,traitement de la règle: {E4D5151F-C047-4584-938A-5E9DB14B859C}
2026-02-22 09:23:49,INFO,traitement de la règle: {BC62C9A5-72BE-4E3B-88C3-739DC805DC39}
2026-02-22 09:23:49,INFO,traitement de la règle: {C5ACF1A7-3D73-43F8-83C0-56114936F246}
2026-02-22 09:23:49,INFO,traitement de la règle: {21BBB6C8-1672-4268-B8C0-BB6B66981171}
2026-02-22 09:23:50,INFO,traitement de la règle: {2BA24AE7-0D73-43A7-BA7E-377A3CCAB490}
2026-02-22 09:23:50,INFO,traitement de la règle: Microsoft.OfficePushNotificationUtility_8wekyb3d8bbweS-1-5-21-349234613-936635038-205130404-1001-Out-Allow-AllCapabilities
2026-02-22 09:23:50,INFO,traitement de la règle: Microsoft.Office.ActionsServer_8wekyb3d8bbweS-1-5-21-349234613-936635038-205130404-1001-Out-Allow-AllCapabilities
2026-02-22 09:23:51,INFO,traitement de la règle: Microsoft.MicrosoftOfficeHub_8wekyb3d8bbweS-1-5-21-349234613-936635038-205130404-1001-Out-Allow-AllCapabilities
2026-02-22 09:23:51,INFO,traitement de la règle: HNS Container Networking - ICS DNS (TCP-In) - C08CB7B8-9B3C-408E-8E30-5E16A3AEB445 - 0
2026-02-22 09:23:51,INFO,traitement de la règle: HNS Container Networking - DNS (UDP-In) - C08CB7B8-9B3C-408E-8E30-5E16A3AEB445 - 0
2026-02-22 09:23:51,INFO,Séparer actives / inactives
2026-02-22 09:23:51,INFO,Compter les règles actives et inactives
2026-02-22 09:23:51,INFO,Collecte des paramètres globaux du pare-feu
2026-02-22 09:23:52,INFO,Préparation des path d'export
2026-02-22 09:23:52,INFO,Csv File : C:\temp\Report NetFirewall\Firewall_Rules_Detailed_2026-02-22_092352.csv
2026-02-22 09:23:52,INFO,JSON File : C:\temp\Report NetFirewall\Firewall_Rules_2026-02-22_092352.json
2026-02-22 09:23:52,INFO,Html FIle : C:\temp\Report NetFirewall\FirewallReport_2026-02-22_092352.html
2026-02-22 09:23:52,INFO,Import du module PSWriteHtml ... 
2026-02-22 09:23:52,INFO,Paramétrage du comportement par défaut de certaines cmdlets : System.Management.Automation.DefaultParameterDictionary
2026-02-22 09:23:52,INFO,Génération du rapport ...
2026-02-22 09:25:48,INFO,Temps d'exécution du script : 4 minutes, 20 secondes, 749 millisecondes
2026-02-22 09:28:35,INFO,Règles traitées : 868
2026-02-22 09:28:35,INFO,Vitesse de traitement par sec : 3.32886055663454

